CompletedProcess(args=['slither', './repositories2/verified-smart-contracts-database/verified-smart-contracts/AaveSupply.sol', '--json', './slither/dennis_analysis2/json/AaveSupply.sol.json'], returncode=1, stdout='', stderr='\'solc --version\' running\n\'solc ./repositories2/verified-smart-contracts-database/verified-smart-contracts/AaveSupply.sol --combined-json abi,ast,bin,bin-runtime,srcmap,srcmap-runtime,userdoc,devdoc,hashes --allow-paths .,/home/felipe/Documents/develop/analysis_mestrado/repositories2/verified-smart-contracts-database/verified-smart-contracts\' running\nCompilation warnings/errors on ./repositories2/verified-smart-contracts-database/verified-smart-contracts/AaveSupply.sol:\nError: Source file requires different compiler version (current compiler is 0.8.23+commit.f704f362.Linux.g++) - note that nightly builds are considered to be strictly less than the released version\n --> repositories2/verified-smart-contracts-database/verified-smart-contracts/AaveSupply.sol:3:1:\n  |\n3 | pragma solidity =0.8.10;\n  | ^^^^^^^^^^^^^^^^^^^^^^^^\n\n\nTraceback (most recent call last):\n  File "/home/felipe/Documents/develop/analysis_mestrado/env1/lib/python3.10/site-packages/crytic_compile/platform/solc.py", line 582, in _run_solc\n    ret: Dict = json.loads(stdout)\n  File "/usr/lib/python3.10/json/__init__.py", line 346, in loads\n    return _default_decoder.decode(s)\n  File "/usr/lib/python3.10/json/decoder.py", line 337, in decode\n    obj, end = self.raw_decode(s, idx=_w(s, 0).end())\n  File "/usr/lib/python3.10/json/decoder.py", line 355, in raw_decode\n    raise JSONDecodeError("Expecting value", s, err.value) from None\njson.decoder.JSONDecodeError: Expecting value: line 1 column 1 (char 0)\n\nDuring handling of the above exception, another exception occurred:\n\nTraceback (most recent call last):\n  File "/home/felipe/Documents/develop/analysis_mestrado/env1/bin/slither", line 8, in <module>\n    sys.exit(main())\n  File "/home/felipe/Documents/develop/analysis_mestrado/env1/lib/python3.10/site-packages/slither/__main__.py", line 727, in main\n    main_impl(all_detector_classes=detectors, all_printer_classes=printers)\n  File "/home/felipe/Documents/develop/analysis_mestrado/env1/lib/python3.10/site-packages/slither/__main__.py", line 833, in main_impl\n    ) = process_all(filename, args, detector_classes, printer_classes)\n  File "/home/felipe/Documents/develop/analysis_mestrado/env1/lib/python3.10/site-packages/slither/__main__.py", line 96, in process_all\n    compilations = compile_all(target, **vars(args))\n  File "/home/felipe/Documents/develop/analysis_mestrado/env1/lib/python3.10/site-packages/crytic_compile/crytic_compile.py", line 718, in compile_all\n    compilations.append(CryticCompile(target, **kwargs))\n  File "/home/felipe/Documents/develop/analysis_mestrado/env1/lib/python3.10/site-packages/crytic_compile/crytic_compile.py", line 207, in __init__\n    self._compile(**kwargs)\n  File "/home/felipe/Documents/develop/analysis_mestrado/env1/lib/python3.10/site-packages/crytic_compile/crytic_compile.py", line 629, in _compile\n    self._platform.compile(self, **kwargs)\n  File "/home/felipe/Documents/develop/analysis_mestrado/env1/lib/python3.10/site-packages/crytic_compile/platform/solc.py", line 151, in compile\n    targets_json = _get_targets_json(compilation_unit, self._target, **kwargs)\n  File "/home/felipe/Documents/develop/analysis_mestrado/env1/lib/python3.10/site-packages/crytic_compile/platform/solc.py", line 280, in _get_targets_json\n    return _run_solc(\n  File "/home/felipe/Documents/develop/analysis_mestrado/env1/lib/python3.10/site-packages/crytic_compile/platform/solc.py", line 586, in _run_solc\n    raise InvalidCompilation(f"Invalid solc compilation {stderr}")\ncrytic_compile.platform.exceptions.InvalidCompilation: Invalid solc compilation Error: Source file requires different compiler version (current compiler is 0.8.23+commit.f704f362.Linux.g++) - note that nightly builds are considered to be strictly less than the released version\n --> repositories2/verified-smart-contracts-database/verified-smart-contracts/AaveSupply.sol:3:1:\n  |\n3 | pragma solidity =0.8.10;\n  | ^^^^^^^^^^^^^^^^^^^^^^^^\n\n\n')
CompletedProcess(args=['slither', './repositories2/verified-smart-contracts-database/verified-smart-contracts/AaveDirectJob.sol', '--json', './slither/dennis_analysis2/json/AaveDirectJob.sol.json'], returncode=1, stdout='', stderr='\'solc --version\' running\n\'solc ./repositories2/verified-smart-contracts-database/verified-smart-contracts/AaveDirectJob.sol --combined-json abi,ast,bin,bin-runtime,srcmap,srcmap-runtime,userdoc,devdoc,hashes --allow-paths .,/home/felipe/Documents/develop/analysis_mestrado/repositories2/verified-smart-contracts-database/verified-smart-contracts\' running\nCompilation warnings/errors on ./repositories2/verified-smart-contracts-database/verified-smart-contracts/AaveDirectJob.sol:\nError: Source file requires different compiler version (current compiler is 0.8.23+commit.f704f362.Linux.g++) - note that nightly builds are considered to be strictly less than the released version\n --> repositories2/verified-smart-contracts-database/verified-smart-contracts/AaveDirectJob.sol:3:1:\n  |\n3 | pragma solidity =0.8.9 >=0.8.0;\n  | ^^^^^^^^^^^^^^^^^^^^^^^^^^^^^^^\n\n\nTraceback (most recent call last):\n  File "/home/felipe/Documents/develop/analysis_mestrado/env1/lib/python3.10/site-packages/crytic_compile/platform/solc.py", line 582, in _run_solc\n    ret: Dict = json.loads(stdout)\n  File "/usr/lib/python3.10/json/__init__.py", line 346, in loads\n    return _default_decoder.decode(s)\n  File "/usr/lib/python3.10/json/decoder.py", line 337, in decode\n    obj, end = self.raw_decode(s, idx=_w(s, 0).end())\n  File "/usr/lib/python3.10/json/decoder.py", line 355, in raw_decode\n    raise JSONDecodeError("Expecting value", s, err.value) from None\njson.decoder.JSONDecodeError: Expecting value: line 1 column 1 (char 0)\n\nDuring handling of the above exception, another exception occurred:\n\nTraceback (most recent call last):\n  File "/home/felipe/Documents/develop/analysis_mestrado/env1/bin/slither", line 8, in <module>\n    sys.exit(main())\n  File "/home/felipe/Documents/develop/analysis_mestrado/env1/lib/python3.10/site-packages/slither/__main__.py", line 727, in main\n    main_impl(all_detector_classes=detectors, all_printer_classes=printers)\n  File "/home/felipe/Documents/develop/analysis_mestrado/env1/lib/python3.10/site-packages/slither/__main__.py", line 833, in main_impl\n    ) = process_all(filename, args, detector_classes, printer_classes)\n  File "/home/felipe/Documents/develop/analysis_mestrado/env1/lib/python3.10/site-packages/slither/__main__.py", line 96, in process_all\n    compilations = compile_all(target, **vars(args))\n  File "/home/felipe/Documents/develop/analysis_mestrado/env1/lib/python3.10/site-packages/crytic_compile/crytic_compile.py", line 718, in compile_all\n    compilations.append(CryticCompile(target, **kwargs))\n  File "/home/felipe/Documents/develop/analysis_mestrado/env1/lib/python3.10/site-packages/crytic_compile/crytic_compile.py", line 207, in __init__\n    self._compile(**kwargs)\n  File "/home/felipe/Documents/develop/analysis_mestrado/env1/lib/python3.10/site-packages/crytic_compile/crytic_compile.py", line 629, in _compile\n    self._platform.compile(self, **kwargs)\n  File "/home/felipe/Documents/develop/analysis_mestrado/env1/lib/python3.10/site-packages/crytic_compile/platform/solc.py", line 151, in compile\n    targets_json = _get_targets_json(compilation_unit, self._target, **kwargs)\n  File "/home/felipe/Documents/develop/analysis_mestrado/env1/lib/python3.10/site-packages/crytic_compile/platform/solc.py", line 280, in _get_targets_json\n    return _run_solc(\n  File "/home/felipe/Documents/develop/analysis_mestrado/env1/lib/python3.10/site-packages/crytic_compile/platform/solc.py", line 586, in _run_solc\n    raise InvalidCompilation(f"Invalid solc compilation {stderr}")\ncrytic_compile.platform.exceptions.InvalidCompilation: Invalid solc compilation Error: Source file requires different compiler version (current compiler is 0.8.23+commit.f704f362.Linux.g++) - note that nightly builds are considered to be strictly less than the released version\n --> repositories2/verified-smart-contracts-database/verified-smart-contracts/AaveDirectJob.sol:3:1:\n  |\n3 | pragma solidity =0.8.9 >=0.8.0;\n  | ^^^^^^^^^^^^^^^^^^^^^^^^^^^^^^^\n\n\n')
CompletedProcess(args=['slither', './repositories2/verified-smart-contracts-database/verified-smart-contracts/AbandonedSociety.sol', '--json', './slither/dennis_analysis2/json/AbandonedSociety.sol.json'], returncode=255, stdout='', stderr='\'solc --version\' running\n\'solc ./repositories2/verified-smart-contracts-database/verified-smart-contracts/AbandonedSociety.sol --combined-json abi,ast,bin,bin-runtime,srcmap,srcmap-runtime,userdoc,devdoc,hashes --allow-paths .,/home/felipe/Documents/develop/analysis_mestrado/repositories2/verified-smart-contracts-database/verified-smart-contracts\' running\nCompilation warnings/errors on ./repositories2/verified-smart-contracts-database/verified-smart-contracts/AbandonedSociety.sol:\nWarning: SPDX license identifier not provided in source file. Before publishing, consider adding a comment containing "SPDX-License-Identifier: <SPDX-License>" to each source file. Use "SPDX-License-Identifier: UNLICENSED" for non-open-source code. Please see https://spdx.org for more information.\n--> repositories2/verified-smart-contracts-database/verified-smart-contracts/AbandonedSociety.sol\n\n\n\nReentrancy in AbandonedSociety.internalMint(address,uint32) (repositories2/verified-smart-contracts-database/verified-smart-contracts/AbandonedSociety.sol#1255-1271):\n\tExternal calls:\n\t- _mintBatch(to,ids,amounts,) (repositories2/verified-smart-contracts-database/verified-smart-contracts/AbandonedSociety.sol#1265)\n\t\t- response = IERC1155Receiver(to).onERC1155BatchReceived(operator,from,ids,amounts,data) (repositories2/verified-smart-contracts-database/verified-smart-contracts/AbandonedSociety.sol#1176-1194)\n\t- _mint(to,totalSupply,1,) (repositories2/verified-smart-contracts-database/verified-smart-contracts/AbandonedSociety.sol#1267)\n\t\t- response = IERC1155Receiver(to).onERC1155Received(operator,from,id,amount,data) (repositories2/verified-smart-contracts-database/verified-smart-contracts/AbandonedSociety.sol#1147-1163)\n\tState variables written after the call(s):\n\t- totalSupply += count (repositories2/verified-smart-contracts-database/verified-smart-contracts/AbandonedSociety.sol#1270)\n\tAbandonedSociety.totalSupply (repositories2/verified-smart-contracts-database/verified-smart-contracts/AbandonedSociety.sol#1218) can be used in cross function reentrancies:\n\t- AbandonedSociety.batchMint(address[]) (repositories2/verified-smart-contracts-database/verified-smart-contracts/AbandonedSociety.sol#1302-1311)\n\t- AbandonedSociety.internalMint(address,uint32) (repositories2/verified-smart-contracts-database/verified-smart-contracts/AbandonedSociety.sol#1255-1271)\n\t- AbandonedSociety.mint(uint32) (repositories2/verified-smart-contracts-database/verified-smart-contracts/AbandonedSociety.sol#1273-1300)\n\t- AbandonedSociety.totalSupply (repositories2/verified-smart-contracts-database/verified-smart-contracts/AbandonedSociety.sol#1218)\nReentrancy in AbandonedSociety.mint(uint32) (repositories2/verified-smart-contracts-database/verified-smart-contracts/AbandonedSociety.sol#1273-1300):\n\tExternal calls:\n\t- internalMint(msg.sender,count) (repositories2/verified-smart-contracts-database/verified-smart-contracts/AbandonedSociety.sol#1298)\n\t\t- response = IERC1155Receiver(to).onERC1155Received(operator,from,id,amount,data) (repositories2/verified-smart-contracts-database/verified-smart-contracts/AbandonedSociety.sol#1147-1163)\n\t\t- response = IERC1155Receiver(to).onERC1155BatchReceived(operator,from,ids,amounts,data) (repositories2/verified-smart-contracts-database/verified-smart-contracts/AbandonedSociety.sol#1176-1194)\n\tState variables written after the call(s):\n\t- minted[msg.sender] += count (repositories2/verified-smart-contracts-database/verified-smart-contracts/AbandonedSociety.sol#1299)\n\tAbandonedSociety.minted (repositories2/verified-smart-contracts-database/verified-smart-contracts/AbandonedSociety.sol#1229) can be used in cross function reentrancies:\n\t- AbandonedSociety.mint(uint32) (repositories2/verified-smart-contracts-database/verified-smart-contracts/AbandonedSociety.sol#1273-1300)\n\t- AbandonedSociety.minted (repositories2/verified-smart-contracts-database/verified-smart-contracts/AbandonedSociety.sol#1229)\nReference: https://github.com/crytic/slither/wiki/Detector-Documentation#reentrancy-vulnerabilities-1\n\nAbandonedSociety.mint(uint32).maxPerWallet (repositories2/verified-smart-contracts-database/verified-smart-contracts/AbandonedSociety.sol#1274) is a local variable never initialized\nAbandonedSociety.mint(uint32).unitPrice (repositories2/verified-smart-contracts-database/verified-smart-contracts/AbandonedSociety.sol#1275) is a local variable never initialized\nReference: https://github.com/crytic/slither/wiki/Detector-Documentation#uninitialized-local-variables\n\nAbandonedSociety.constructor(string).uri (repositories2/verified-smart-contracts-database/verified-smart-contracts/AbandonedSociety.sol#1231) shadows:\n\t- ERC1155.uri(uint256) (repositories2/verified-smart-contracts-database/verified-smart-contracts/AbandonedSociety.sol#701-703) (function)\n\t- IERC1155MetadataURI.uri(uint256) (repositories2/verified-smart-contracts-database/verified-smart-contracts/AbandonedSociety.sol#640) (function)\nAbandonedSociety.setURI(string).uri (repositories2/verified-smart-contracts-database/verified-smart-contracts/AbandonedSociety.sol#1233) shadows:\n\t- ERC1155.uri(uint256) (repositories2/verified-smart-contracts-database/verified-smart-contracts/AbandonedSociety.sol#701-703) (function)\n\t- IERC1155MetadataURI.uri(uint256) (repositories2/verified-smart-contracts-database/verified-smart-contracts/AbandonedSociety.sol#640) (function)\nReference: https://github.com/crytic/slither/wiki/Detector-Documentation#local-variable-shadowing\n\nAbandonedSociety.setPreSaleStart(uint32) (repositories2/verified-smart-contracts-database/verified-smart-contracts/AbandonedSociety.sol#1237-1239) should emit an event for: \n\t- preSaleStart = timestamp (repositories2/verified-smart-contracts-database/verified-smart-contracts/AbandonedSociety.sol#1238) \nAbandonedSociety.setPublicSaleStart(uint32) (repositories2/verified-smart-contracts-database/verified-smart-contracts/AbandonedSociety.sol#1241-1243) should emit an event for: \n\t- publicSaleStart = timestamp (repositories2/verified-smart-contracts-database/verified-smart-contracts/AbandonedSociety.sol#1242) \nReference: https://github.com/crytic/slither/wiki/Detector-Documentation#missing-events-arithmetic\n\nERC1155._doSafeBatchTransferAcceptanceCheck(address,address,address,uint256[],uint256[],bytes) (repositories2/verified-smart-contracts-database/verified-smart-contracts/AbandonedSociety.sol#1167-1196) has external calls inside a loop: response = IERC1155Receiver(to).onERC1155BatchReceived(operator,from,ids,amounts,data) (repositories2/verified-smart-contracts-database/verified-smart-contracts/AbandonedSociety.sol#1176-1194)\nERC1155._doSafeTransferAcceptanceCheck(address,address,address,uint256,uint256,bytes) (repositories2/verified-smart-contracts-database/verified-smart-contracts/AbandonedSociety.sol#1138-1165) has external calls inside a loop: response = IERC1155Receiver(to).onERC1155Received(operator,from,id,amount,data) (repositories2/verified-smart-contracts-database/verified-smart-contracts/AbandonedSociety.sol#1147-1163)\nAbandonedSociety.withdraw() (repositories2/verified-smart-contracts-database/verified-smart-contracts/AbandonedSociety.sol#1313-1330) has external calls inside a loop: address(addresses[i]).transfer(amount) (repositories2/verified-smart-contracts-database/verified-smart-contracts/AbandonedSociety.sol#1328)\nReference: https://github.com/crytic/slither/wiki/Detector-Documentation/#calls-inside-a-loop\n\nAbandonedSociety.preSaleIsActive() (repositories2/verified-smart-contracts-database/verified-smart-contracts/AbandonedSociety.sol#1245-1249) uses timestamp for comparisons\n\tDangerous comparisons:\n\t- preSaleStart <= block.timestamp && publicSaleStart >= block.timestamp (repositories2/verified-smart-contracts-database/verified-smart-contracts/AbandonedSociety.sol#1246-1248)\nAbandonedSociety.publicSaleIsActive() (repositories2/verified-smart-contracts-database/verified-smart-contracts/AbandonedSociety.sol#1251-1253) uses timestamp for comparisons\n\tDangerous comparisons:\n\t- publicSaleStart <= block.timestamp (repositories2/verified-smart-contracts-database/verified-smart-contracts/AbandonedSociety.sol#1252)\nReference: https://github.com/crytic/slither/wiki/Detector-Documentation#block-timestamp\n\nAddress.isContract(address) (repositories2/verified-smart-contracts-database/verified-smart-contracts/AbandonedSociety.sol#136-146) uses assembly\n\t- INLINE ASM (repositories2/verified-smart-contracts-database/verified-smart-contracts/AbandonedSociety.sol#142-144)\nAddress.verifyCallResult(bool,bytes,string) (repositories2/verified-smart-contracts-database/verified-smart-contracts/AbandonedSociety.sol#342-362) uses assembly\n\t- INLINE ASM (repositories2/verified-smart-contracts-database/verified-smart-contracts/AbandonedSociety.sol#354-357)\nReference: https://github.com/crytic/slither/wiki/Detector-Documentation#assembly-usage\n\nAbandonedSociety.internalMint(address,uint32) (repositories2/verified-smart-contracts-database/verified-smart-contracts/AbandonedSociety.sol#1255-1271) has costly operations inside a loop:\n\t- totalSupply += count (repositories2/verified-smart-contracts-database/verified-smart-contracts/AbandonedSociety.sol#1270)\nReference: https://github.com/crytic/slither/wiki/Detector-Documentation#costly-operations-inside-a-loop\n\nAddress.functionCall(address,bytes) (repositories2/verified-smart-contracts-database/verified-smart-contracts/AbandonedSociety.sol#195-200) is never used and should be removed\nAddress.functionCall(address,bytes,string) (repositories2/verified-smart-contracts-database/verified-smart-contracts/AbandonedSociety.sol#208-214) is never used and should be removed\nAddress.functionCallWithValue(address,bytes,uint256) (repositories2/verified-smart-contracts-database/verified-smart-contracts/AbandonedSociety.sol#227-239) is never used and should be removed\nAddress.functionCallWithValue(address,bytes,uint256,string) (repositories2/verified-smart-contracts-database/verified-smart-contracts/AbandonedSociety.sol#247-263) is never used and should be removed\nAddress.functionDelegateCall(address,bytes) (repositories2/verified-smart-contracts-database/verified-smart-contracts/AbandonedSociety.sol#307-317) is never used and should be removed\nAddress.functionDelegateCall(address,bytes,string) (repositories2/verified-smart-contracts-database/verified-smart-contracts/AbandonedSociety.sol#325-334) is never used and should be removed\nAddress.functionStaticCall(address,bytes) (repositories2/verified-smart-contracts-database/verified-smart-contracts/AbandonedSociety.sol#271-282) is never used and should be removed\nAddress.functionStaticCall(address,bytes,string) (repositories2/verified-smart-contracts-database/verified-smart-contracts/AbandonedSociety.sol#290-299) is never used and should be removed\nAddress.sendValue(address,uint256) (repositories2/verified-smart-contracts-database/verified-smart-contracts/AbandonedSociety.sol#164-175) is never used and should be removed\nAddress.verifyCallResult(bool,bytes,string) (repositories2/verified-smart-contracts-database/verified-smart-contracts/AbandonedSociety.sol#342-362) is never used and should be removed\nContext._msgData() (repositories2/verified-smart-contracts-database/verified-smart-contracts/AbandonedSociety.sol#22-24) is never used and should be removed\nERC1155._burn(address,uint256,uint256) (repositories2/verified-smart-contracts-database/verified-smart-contracts/AbandonedSociety.sol#1028-1053) is never used and should be removed\nERC1155._burnBatch(address,uint256[],uint256[]) (repositories2/verified-smart-contracts-database/verified-smart-contracts/AbandonedSociety.sol#1062-1092) is never used and should be removed\nReference: https://github.com/crytic/slither/wiki/Detector-Documentation#dead-code\n\nPragma version^0.8.0 (repositories2/verified-smart-contracts-database/verified-smart-contracts/AbandonedSociety.sol#5) allows old versions\nPragma version^0.8.0 (repositories2/verified-smart-contracts-database/verified-smart-contracts/AbandonedSociety.sol#31) allows old versions\nPragma version^0.8.0 (repositories2/verified-smart-contracts-database/verified-smart-contracts/AbandonedSociety.sol#113) allows old versions\nPragma version^0.8.0 (repositories2/verified-smart-contracts-database/verified-smart-contracts/AbandonedSociety.sol#369) allows old versions\nPragma version^0.8.0 (repositories2/verified-smart-contracts-database/verified-smart-contracts/AbandonedSociety.sol#396) allows old versions\nPragma version^0.8.0 (repositories2/verified-smart-contracts-database/verified-smart-contracts/AbandonedSociety.sol#431) allows old versions\nPragma version^0.8.0 (repositories2/verified-smart-contracts-database/verified-smart-contracts/AbandonedSociety.sol#484) allows old versions\nPragma version^0.8.0 (repositories2/verified-smart-contracts-database/verified-smart-contracts/AbandonedSociety.sol#625) allows old versions\nPragma version^0.8.0 (repositories2/verified-smart-contracts-database/verified-smart-contracts/AbandonedSociety.sol#647) allows old versions\nPragma version^0.8.0 (repositories2/verified-smart-contracts-database/verified-smart-contracts/AbandonedSociety.sol#1212) allows old versions\nsolc-0.8.23 is not recommended for deployment\nReference: https://github.com/crytic/slither/wiki/Detector-Documentation#incorrect-versions-of-solidity\n\nLow level call in Address.sendValue(address,uint256) (repositories2/verified-smart-contracts-database/verified-smart-contracts/AbandonedSociety.sol#164-175):\n\t- (success) = recipient.call{value: amount}() (repositories2/verified-smart-contracts-database/verified-smart-contracts/AbandonedSociety.sol#170)\nLow level call in Address.functionCallWithValue(address,bytes,uint256,string) (repositories2/verified-smart-contracts-database/verified-smart-contracts/AbandonedSociety.sol#247-263):\n\t- (success,returndata) = target.call{value: value}(data) (repositories2/verified-smart-contracts-database/verified-smart-contracts/AbandonedSociety.sol#259-261)\nLow level call in Address.functionStaticCall(address,bytes,string) (repositories2/verified-smart-contracts-database/verified-smart-contracts/AbandonedSociety.sol#290-299):\n\t- (success,returndata) = target.staticcall(data) (repositories2/verified-smart-contracts-database/verified-smart-contracts/AbandonedSociety.sol#297)\nLow level call in Address.functionDelegateCall(address,bytes,string) (repositories2/verified-smart-contracts-database/verified-smart-contracts/AbandonedSociety.sol#325-334):\n\t- (success,returndata) = target.delegatecall(data) (repositories2/verified-smart-contracts-database/verified-smart-contracts/AbandonedSociety.sol#332)\nReference: https://github.com/crytic/slither/wiki/Detector-Documentation#low-level-calls\n./repositories2/verified-smart-contracts-database/verified-smart-contracts/AbandonedSociety.sol analyzed (10 contracts with 93 detectors), 44 result(s) found\n')
CompletedProcess(args=['slither', './repositories2/verified-smart-contracts-database/verified-smart-contracts/AavePayback.sol', '--json', './slither/dennis_analysis2/json/AavePayback.sol.json'], returncode=1, stdout='', stderr='\'solc --version\' running\n\'solc ./repositories2/verified-smart-contracts-database/verified-smart-contracts/AavePayback.sol --combined-json abi,ast,bin,bin-runtime,srcmap,srcmap-runtime,userdoc,devdoc,hashes --allow-paths .,/home/felipe/Documents/develop/analysis_mestrado/repositories2/verified-smart-contracts-database/verified-smart-contracts\' running\nCompilation warnings/errors on ./repositories2/verified-smart-contracts-database/verified-smart-contracts/AavePayback.sol:\nError: Source file requires different compiler version (current compiler is 0.8.23+commit.f704f362.Linux.g++) - note that nightly builds are considered to be strictly less than the released version\n --> repositories2/verified-smart-contracts-database/verified-smart-contracts/AavePayback.sol:3:1:\n  |\n3 | pragma solidity =0.8.10;\n  | ^^^^^^^^^^^^^^^^^^^^^^^^\n\n\nTraceback (most recent call last):\n  File "/home/felipe/Documents/develop/analysis_mestrado/env1/lib/python3.10/site-packages/crytic_compile/platform/solc.py", line 582, in _run_solc\n    ret: Dict = json.loads(stdout)\n  File "/usr/lib/python3.10/json/__init__.py", line 346, in loads\n    return _default_decoder.decode(s)\n  File "/usr/lib/python3.10/json/decoder.py", line 337, in decode\n    obj, end = self.raw_decode(s, idx=_w(s, 0).end())\n  File "/usr/lib/python3.10/json/decoder.py", line 355, in raw_decode\n    raise JSONDecodeError("Expecting value", s, err.value) from None\njson.decoder.JSONDecodeError: Expecting value: line 1 column 1 (char 0)\n\nDuring handling of the above exception, another exception occurred:\n\nTraceback (most recent call last):\n  File "/home/felipe/Documents/develop/analysis_mestrado/env1/bin/slither", line 8, in <module>\n    sys.exit(main())\n  File "/home/felipe/Documents/develop/analysis_mestrado/env1/lib/python3.10/site-packages/slither/__main__.py", line 727, in main\n    main_impl(all_detector_classes=detectors, all_printer_classes=printers)\n  File "/home/felipe/Documents/develop/analysis_mestrado/env1/lib/python3.10/site-packages/slither/__main__.py", line 833, in main_impl\n    ) = process_all(filename, args, detector_classes, printer_classes)\n  File "/home/felipe/Documents/develop/analysis_mestrado/env1/lib/python3.10/site-packages/slither/__main__.py", line 96, in process_all\n    compilations = compile_all(target, **vars(args))\n  File "/home/felipe/Documents/develop/analysis_mestrado/env1/lib/python3.10/site-packages/crytic_compile/crytic_compile.py", line 718, in compile_all\n    compilations.append(CryticCompile(target, **kwargs))\n  File "/home/felipe/Documents/develop/analysis_mestrado/env1/lib/python3.10/site-packages/crytic_compile/crytic_compile.py", line 207, in __init__\n    self._compile(**kwargs)\n  File "/home/felipe/Documents/develop/analysis_mestrado/env1/lib/python3.10/site-packages/crytic_compile/crytic_compile.py", line 629, in _compile\n    self._platform.compile(self, **kwargs)\n  File "/home/felipe/Documents/develop/analysis_mestrado/env1/lib/python3.10/site-packages/crytic_compile/platform/solc.py", line 151, in compile\n    targets_json = _get_targets_json(compilation_unit, self._target, **kwargs)\n  File "/home/felipe/Documents/develop/analysis_mestrado/env1/lib/python3.10/site-packages/crytic_compile/platform/solc.py", line 280, in _get_targets_json\n    return _run_solc(\n  File "/home/felipe/Documents/develop/analysis_mestrado/env1/lib/python3.10/site-packages/crytic_compile/platform/solc.py", line 586, in _run_solc\n    raise InvalidCompilation(f"Invalid solc compilation {stderr}")\ncrytic_compile.platform.exceptions.InvalidCompilation: Invalid solc compilation Error: Source file requires different compiler version (current compiler is 0.8.23+commit.f704f362.Linux.g++) - note that nightly builds are considered to be strictly less than the released version\n --> repositories2/verified-smart-contracts-database/verified-smart-contracts/AavePayback.sol:3:1:\n  |\n3 | pragma solidity =0.8.10;\n  | ^^^^^^^^^^^^^^^^^^^^^^^^\n\n\n')
CompletedProcess(args=['slither', './repositories2/verified-smart-contracts-database/verified-smart-contracts/AccessKeys.sol', '--json', './slither/dennis_analysis2/json/AccessKeys.sol.json'], returncode=255, stdout='', stderr='\'solc --version\' running\n\'solc ./repositories2/verified-smart-contracts-database/verified-smart-contracts/AccessKeys.sol --combined-json abi,ast,bin,bin-runtime,srcmap,srcmap-runtime,userdoc,devdoc,hashes --allow-paths .,/home/felipe/Documents/develop/analysis_mestrado/repositories2/verified-smart-contracts-database/verified-smart-contracts\' running\nCompilation warnings/errors on ./repositories2/verified-smart-contracts-database/verified-smart-contracts/AccessKeys.sol:\nWarning: SPDX license identifier not provided in source file. Before publishing, consider adding a comment containing "SPDX-License-Identifier: <SPDX-License>" to each source file. Use "SPDX-License-Identifier: UNLICENSED" for non-open-source code. Please see https://spdx.org for more information.\n--> repositories2/verified-smart-contracts-database/verified-smart-contracts/AccessKeys.sol\n\n\n\nReentrancy in AccessKeys.mintReservedTokens(address,uint256) (repositories2/verified-smart-contracts-database/verified-smart-contracts/AccessKeys.sol#1252-1258):\n\tExternal calls:\n\t- _mint(to,activeBadgeId,amount,) (repositories2/verified-smart-contracts-database/verified-smart-contracts/AccessKeys.sol#1256)\n\t\t- response = IERC1155Receiver(to).onERC1155Received(operator,from,id,amount,data) (repositories2/verified-smart-contracts-database/verified-smart-contracts/AccessKeys.sol#1014-1022)\n\tState variables written after the call(s):\n\t- reservedTokensMinted = reservedTokensMinted + amount (repositories2/verified-smart-contracts-database/verified-smart-contracts/AccessKeys.sol#1257)\n\tAccessKeys.reservedTokensMinted (repositories2/verified-smart-contracts-database/verified-smart-contracts/AccessKeys.sol#1138) can be used in cross function reentrancies:\n\t- AccessKeys.mintReservedTokens(address,uint256) (repositories2/verified-smart-contracts-database/verified-smart-contracts/AccessKeys.sol#1252-1258)\n\t- AccessKeys.mintToken(uint256) (repositories2/verified-smart-contracts-database/verified-smart-contracts/AccessKeys.sol#1226-1236)\n\t- AccessKeys.mintTokenPresale(uint256) (repositories2/verified-smart-contracts-database/verified-smart-contracts/AccessKeys.sol#1238-1249)\n\t- AccessKeys.reservedTokensMinted (repositories2/verified-smart-contracts-database/verified-smart-contracts/AccessKeys.sol#1138)\nReference: https://github.com/crytic/slither/wiki/Detector-Documentation#reentrancy-vulnerabilities-1\n\nAddress.isContract(address) (repositories2/verified-smart-contracts-database/verified-smart-contracts/AccessKeys.sol#134-144) uses assembly\n\t- INLINE ASM (repositories2/verified-smart-contracts-database/verified-smart-contracts/AccessKeys.sol#140-142)\nAddress.verifyCallResult(bool,bytes,string) (repositories2/verified-smart-contracts-database/verified-smart-contracts/AccessKeys.sol#303-323) uses assembly\n\t- INLINE ASM (repositories2/verified-smart-contracts-database/verified-smart-contracts/AccessKeys.sol#315-318)\nReference: https://github.com/crytic/slither/wiki/Detector-Documentation#assembly-usage\n\nAddress.functionCall(address,bytes) (repositories2/verified-smart-contracts-database/verified-smart-contracts/AccessKeys.sol#187-189) is never used and should be removed\nAddress.functionCall(address,bytes,string) (repositories2/verified-smart-contracts-database/verified-smart-contracts/AccessKeys.sol#197-203) is never used and should be removed\nAddress.functionCallWithValue(address,bytes,uint256) (repositories2/verified-smart-contracts-database/verified-smart-contracts/AccessKeys.sol#216-222) is never used and should be removed\nAddress.functionCallWithValue(address,bytes,uint256,string) (repositories2/verified-smart-contracts-database/verified-smart-contracts/AccessKeys.sol#230-241) is never used and should be removed\nAddress.functionDelegateCall(address,bytes) (repositories2/verified-smart-contracts-database/verified-smart-contracts/AccessKeys.sol#276-278) is never used and should be removed\nAddress.functionDelegateCall(address,bytes,string) (repositories2/verified-smart-contracts-database/verified-smart-contracts/AccessKeys.sol#286-295) is never used and should be removed\nAddress.functionStaticCall(address,bytes) (repositories2/verified-smart-contracts-database/verified-smart-contracts/AccessKeys.sol#249-251) is never used and should be removed\nAddress.functionStaticCall(address,bytes,string) (repositories2/verified-smart-contracts-database/verified-smart-contracts/AccessKeys.sol#259-268) is never used and should be removed\nAddress.sendValue(address,uint256) (repositories2/verified-smart-contracts-database/verified-smart-contracts/AccessKeys.sol#162-167) is never used and should be removed\nAddress.verifyCallResult(bool,bytes,string) (repositories2/verified-smart-contracts-database/verified-smart-contracts/AccessKeys.sol#303-323) is never used and should be removed\nContext._msgData() (repositories2/verified-smart-contracts-database/verified-smart-contracts/AccessKeys.sol#23-25) is never used and should be removed\nERC1155._burn(address,uint256,uint256) (repositories2/verified-smart-contracts-database/verified-smart-contracts/AccessKeys.sol#908-926) is never used and should be removed\nERC1155._burnBatch(address,uint256[],uint256[]) (repositories2/verified-smart-contracts-database/verified-smart-contracts/AccessKeys.sol#935-959) is never used and should be removed\nERC1155._mintBatch(address,uint256[],uint256[],bytes) (repositories2/verified-smart-contracts-database/verified-smart-contracts/AccessKeys.sol#878-898) is never used and should be removed\nReference: https://github.com/crytic/slither/wiki/Detector-Documentation#dead-code\n\nPragma version^0.8.0 (repositories2/verified-smart-contracts-database/verified-smart-contracts/AccessKeys.sol#6) allows old versions\nPragma version^0.8.0 (repositories2/verified-smart-contracts-database/verified-smart-contracts/AccessKeys.sol#33) allows old versions\nPragma version^0.8.0 (repositories2/verified-smart-contracts-database/verified-smart-contracts/AccessKeys.sol#111) allows old versions\nPragma version^0.8.0 (repositories2/verified-smart-contracts-database/verified-smart-contracts/AccessKeys.sol#331) allows old versions\nPragma version^0.8.0 (repositories2/verified-smart-contracts-database/verified-smart-contracts/AccessKeys.sol#359) allows old versions\nPragma version^0.8.0 (repositories2/verified-smart-contracts-database/verified-smart-contracts/AccessKeys.sol#390) allows old versions\nPragma version^0.8.0 (repositories2/verified-smart-contracts-database/verified-smart-contracts/AccessKeys.sol#445) allows old versions\nPragma version^0.8.0 (repositories2/verified-smart-contracts-database/verified-smart-contracts/AccessKeys.sol#572) allows old versions\nPragma version^0.8.0 (repositories2/verified-smart-contracts-database/verified-smart-contracts/AccessKeys.sol#596) allows old versions\nPragma version^0.8.0 (repositories2/verified-smart-contracts-database/verified-smart-contracts/AccessKeys.sol#1062) allows old versions\nPragma version^0.8.0 (repositories2/verified-smart-contracts-database/verified-smart-contracts/AccessKeys.sol#1120) allows old versions\nsolc-0.8.23 is not recommended for deployment\nReference: https://github.com/crytic/slither/wiki/Detector-Documentation#incorrect-versions-of-solidity\n\nLow level call in Address.sendValue(address,uint256) (repositories2/verified-smart-contracts-database/verified-smart-contracts/AccessKeys.sol#162-167):\n\t- (success) = recipient.call{value: amount}() (repositories2/verified-smart-contracts-database/verified-smart-contracts/AccessKeys.sol#165)\nLow level call in Address.functionCallWithValue(address,bytes,uint256,string) (repositories2/verified-smart-contracts-database/verified-smart-contracts/AccessKeys.sol#230-241):\n\t- (success,returndata) = target.call{value: value}(data) (repositories2/verified-smart-contracts-database/verified-smart-contracts/AccessKeys.sol#239)\nLow level call in Address.functionStaticCall(address,bytes,string) (repositories2/verified-smart-contracts-database/verified-smart-contracts/AccessKeys.sol#259-268):\n\t- (success,returndata) = target.staticcall(data) (repositories2/verified-smart-contracts-database/verified-smart-contracts/AccessKeys.sol#266)\nLow level call in Address.functionDelegateCall(address,bytes,string) (repositories2/verified-smart-contracts-database/verified-smart-contracts/AccessKeys.sol#286-295):\n\t- (success,returndata) = target.delegatecall(data) (repositories2/verified-smart-contracts-database/verified-smart-contracts/AccessKeys.sol#293)\nReference: https://github.com/crytic/slither/wiki/Detector-Documentation#low-level-calls\n\nParameter AccessKeys.changeSaleDetails(uint256,uint256,uint256)._activeBadgeId (repositories2/verified-smart-contracts-database/verified-smart-contracts/AccessKeys.sol#1280) is not in mixedCase\nParameter AccessKeys.changeSaleDetails(uint256,uint256,uint256)._maxPerWallet (repositories2/verified-smart-contracts-database/verified-smart-contracts/AccessKeys.sol#1280) is not in mixedCase\nParameter AccessKeys.changeSaleDetails(uint256,uint256,uint256)._maxSupply (repositories2/verified-smart-contracts-database/verified-smart-contracts/AccessKeys.sol#1280) is not in mixedCase\nReference: https://github.com/crytic/slither/wiki/Detector-Documentation#conformance-to-solidity-naming-conventions\n\nAccessKeys.maxPerPresaleWallet (repositories2/verified-smart-contracts-database/verified-smart-contracts/AccessKeys.sol#1131) should be constant \nReference: https://github.com/crytic/slither/wiki/Detector-Documentation#state-variables-that-could-be-declared-constant\n./repositories2/verified-smart-contracts-database/verified-smart-contracts/AccessKeys.sol analyzed (11 contracts with 93 detectors), 37 result(s) found\n')
CompletedProcess(args=['slither', './repositories2/verified-smart-contracts-database/verified-smart-contracts/Accel.sol', '--json', './slither/dennis_analysis2/json/Accel.sol.json'], returncode=255, stdout='', stderr='\'solc --version\' running\n\'solc ./repositories2/verified-smart-contracts-database/verified-smart-contracts/Accel.sol --combined-json abi,ast,bin,bin-runtime,srcmap,srcmap-runtime,userdoc,devdoc,hashes --allow-paths .,/home/felipe/Documents/develop/analysis_mestrado/repositories2/verified-smart-contracts-database/verified-smart-contracts\' running\n\nReentrancy in Accel._transfer(address,address,uint256) (repositories2/verified-smart-contracts-database/verified-smart-contracts/Accel.sol#1065-1099):\n\tExternal calls:\n\t- swapAndSendFees() (repositories2/verified-smart-contracts-database/verified-smart-contracts/Accel.sol#1082)\n\t\t- uniswapV2Router.swapExactTokensForETHSupportingFeeOnTransferTokens(tokenAmount,0,path,address(this),block.timestamp) (repositories2/verified-smart-contracts-database/verified-smart-contracts/Accel.sol#1127-1133)\n\tExternal calls sending eth:\n\t- swapAndSendFees() (repositories2/verified-smart-contracts-database/verified-smart-contracts/Accel.sol#1082)\n\t\t- address(walletDevelopment).transfer(ethDevelopment) (repositories2/verified-smart-contracts-database/verified-smart-contracts/Accel.sol#1111)\n\t\t- address(walletSustainability).transfer(ethSustainability) (repositories2/verified-smart-contracts-database/verified-smart-contracts/Accel.sol#1113)\n\t\t- address(walletStaking).transfer(ethStaking) (repositories2/verified-smart-contracts-database/verified-smart-contracts/Accel.sol#1115)\n\tState variables written after the call(s):\n\t- super._transfer(from,address(this),fees) (repositories2/verified-smart-contracts-database/verified-smart-contracts/Accel.sol#1095)\n\t\t- _balances[sender] = _balances[sender].sub(amount,ERC20: transfer amount exceeds balance) (repositories2/verified-smart-contracts-database/verified-smart-contracts/Accel.sol#521)\n\t\t- _balances[recipient] = _balances[recipient].add(amount) (repositories2/verified-smart-contracts-database/verified-smart-contracts/Accel.sol#522)\n\tERC20._balances (repositories2/verified-smart-contracts-database/verified-smart-contracts/Accel.sol#343) can be used in cross function reentrancies:\n\t- ERC20._mint(address,uint256) (repositories2/verified-smart-contracts-database/verified-smart-contracts/Accel.sol#535-543)\n\t- ERC20._transfer(address,address,uint256) (repositories2/verified-smart-contracts-database/verified-smart-contracts/Accel.sol#515-524)\n\t- ERC20.balanceOf(address) (repositories2/verified-smart-contracts-database/verified-smart-contracts/Accel.sol#410-412)\n\t- super._transfer(from,to,finalTransferAmount) (repositories2/verified-smart-contracts-database/verified-smart-contracts/Accel.sol#1098)\n\t\t- _balances[sender] = _balances[sender].sub(amount,ERC20: transfer amount exceeds balance) (repositories2/verified-smart-contracts-database/verified-smart-contracts/Accel.sol#521)\n\t\t- _balances[recipient] = _balances[recipient].add(amount) (repositories2/verified-smart-contracts-database/verified-smart-contracts/Accel.sol#522)\n\tERC20._balances (repositories2/verified-smart-contracts-database/verified-smart-contracts/Accel.sol#343) can be used in cross function reentrancies:\n\t- ERC20._mint(address,uint256) (repositories2/verified-smart-contracts-database/verified-smart-contracts/Accel.sol#535-543)\n\t- ERC20._transfer(address,address,uint256) (repositories2/verified-smart-contracts-database/verified-smart-contracts/Accel.sol#515-524)\n\t- ERC20.balanceOf(address) (repositories2/verified-smart-contracts-database/verified-smart-contracts/Accel.sol#410-412)\nReference: https://github.com/crytic/slither/wiki/Detector-Documentation#reentrancy-vulnerabilities\n\nAccel._totalSupply (repositories2/verified-smart-contracts-database/verified-smart-contracts/Accel.sol#923) shadows:\n\t- ERC20._totalSupply (repositories2/verified-smart-contracts-database/verified-smart-contracts/Accel.sol#347)\nAccel._name (repositories2/verified-smart-contracts-database/verified-smart-contracts/Accel.sol#924) shadows:\n\t- ERC20._name (repositories2/verified-smart-contracts-database/verified-smart-contracts/Accel.sol#349)\nAccel._symbol (repositories2/verified-smart-contracts-database/verified-smart-contracts/Accel.sol#925) shadows:\n\t- ERC20._symbol (repositories2/verified-smart-contracts-database/verified-smart-contracts/Accel.sol#350)\nReference: https://github.com/crytic/slither/wiki/Detector-Documentation#state-variable-shadowing\n\nAccel.manualswapcustom(uint256) (repositories2/verified-smart-contracts-database/verified-smart-contracts/Accel.sol#1041-1046) performs a multiplication on the result of a division:\n\t- swapbalance = contractBalance.div(10 ** 5).mul(percentage) (repositories2/verified-smart-contracts-database/verified-smart-contracts/Accel.sol#1044)\nReference: https://github.com/crytic/slither/wiki/Detector-Documentation#divide-before-multiply\n\nAccel.constructor(address,address,address,address)._walletSustainability (repositories2/verified-smart-contracts-database/verified-smart-contracts/Accel.sol#944) lacks a zero-check on :\n\t\t- walletSustainability = _walletSustainability (repositories2/verified-smart-contracts-database/verified-smart-contracts/Accel.sol#952)\nAccel.constructor(address,address,address,address)._walletDevelopment (repositories2/verified-smart-contracts-database/verified-smart-contracts/Accel.sol#944) lacks a zero-check on :\n\t\t- walletDevelopment = _walletDevelopment (repositories2/verified-smart-contracts-database/verified-smart-contracts/Accel.sol#953)\nAccel.constructor(address,address,address,address)._walletStaking (repositories2/verified-smart-contracts-database/verified-smart-contracts/Accel.sol#944) lacks a zero-check on :\n\t\t- walletStaking = _walletStaking (repositories2/verified-smart-contracts-database/verified-smart-contracts/Accel.sol#954)\nAccel.constructor(address,address,address,address)._DAOcontrol (repositories2/verified-smart-contracts-database/verified-smart-contracts/Accel.sol#944) lacks a zero-check on :\n\t\t- DAOcontrol = _DAOcontrol (repositories2/verified-smart-contracts-database/verified-smart-contracts/Accel.sol#955)\nAccel.updateWalletSustainability(address)._walletSustainability (repositories2/verified-smart-contracts-database/verified-smart-contracts/Accel.sol#966) lacks a zero-check on :\n\t\t- walletSustainability = _walletSustainability (repositories2/verified-smart-contracts-database/verified-smart-contracts/Accel.sol#968)\nAccel.updateWalletDevelopment(address)._walletDevelopment (repositories2/verified-smart-contracts-database/verified-smart-contracts/Accel.sol#971) lacks a zero-check on :\n\t\t- walletDevelopment = _walletDevelopment (repositories2/verified-smart-contracts-database/verified-smart-contracts/Accel.sol#973)\nAccel.updateWalletStaking(address)._walletStaking (repositories2/verified-smart-contracts-database/verified-smart-contracts/Accel.sol#976) lacks a zero-check on :\n\t\t- walletStaking = _walletStaking (repositories2/verified-smart-contracts-database/verified-smart-contracts/Accel.sol#978)\nAccel.updateDAOcontrol(address)._DAOcontrol (repositories2/verified-smart-contracts-database/verified-smart-contracts/Accel.sol#980) lacks a zero-check on :\n\t\t- DAOcontrol = _DAOcontrol (repositories2/verified-smart-contracts-database/verified-smart-contracts/Accel.sol#982)\nReference: https://github.com/crytic/slither/wiki/Detector-Documentation#missing-zero-address-validation\n\nReentrancy in Accel._transfer(address,address,uint256) (repositories2/verified-smart-contracts-database/verified-smart-contracts/Accel.sol#1065-1099):\n\tExternal calls:\n\t- swapAndSendFees() (repositories2/verified-smart-contracts-database/verified-smart-contracts/Accel.sol#1082)\n\t\t- uniswapV2Router.swapExactTokensForETHSupportingFeeOnTransferTokens(tokenAmount,0,path,address(this),block.timestamp) (repositories2/verified-smart-contracts-database/verified-smart-contracts/Accel.sol#1127-1133)\n\tExternal calls sending eth:\n\t- swapAndSendFees() (repositories2/verified-smart-contracts-database/verified-smart-contracts/Accel.sol#1082)\n\t\t- address(walletDevelopment).transfer(ethDevelopment) (repositories2/verified-smart-contracts-database/verified-smart-contracts/Accel.sol#1111)\n\t\t- address(walletSustainability).transfer(ethSustainability) (repositories2/verified-smart-contracts-database/verified-smart-contracts/Accel.sol#1113)\n\t\t- address(walletStaking).transfer(ethStaking) (repositories2/verified-smart-contracts-database/verified-smart-contracts/Accel.sol#1115)\n\tEvent emitted after the call(s):\n\t- Transfer(sender,recipient,amount) (repositories2/verified-smart-contracts-database/verified-smart-contracts/Accel.sol#523)\n\t\t- super._transfer(from,address(this),fees) (repositories2/verified-smart-contracts-database/verified-smart-contracts/Accel.sol#1095)\n\t- Transfer(sender,recipient,amount) (repositories2/verified-smart-contracts-database/verified-smart-contracts/Accel.sol#523)\n\t\t- super._transfer(from,to,finalTransferAmount) (repositories2/verified-smart-contracts-database/verified-smart-contracts/Accel.sol#1098)\nReference: https://github.com/crytic/slither/wiki/Detector-Documentation#reentrancy-vulnerabilities-3\n\nAccel._transfer(address,address,uint256) (repositories2/verified-smart-contracts-database/verified-smart-contracts/Accel.sol#1065-1099) compares to a boolean constant:\n\t-require(bool,string)(isInBlacklist[from] == false,You\'re in blacklist) (repositories2/verified-smart-contracts-database/verified-smart-contracts/Accel.sol#1073)\nReference: https://github.com/crytic/slither/wiki/Detector-Documentation#boolean-equality\n\nContext._msgData() (repositories2/verified-smart-contracts-database/verified-smart-contracts/Accel.sol#23-26) is never used and should be removed\nERC20._burn(address,uint256) (repositories2/verified-smart-contracts-database/verified-smart-contracts/Accel.sol#556-564) is never used and should be removed\nERC20._setupDecimals(uint8) (repositories2/verified-smart-contracts-database/verified-smart-contracts/Accel.sol#594-596) is never used and should be removed\nSafeMath.div(uint256,uint256,string) (repositories2/verified-smart-contracts-database/verified-smart-contracts/Accel.sol#214-217) is never used and should be removed\nSafeMath.mod(uint256,uint256) (repositories2/verified-smart-contracts-database/verified-smart-contracts/Accel.sol#176-179) is never used and should be removed\nSafeMath.mod(uint256,uint256,string) (repositories2/verified-smart-contracts-database/verified-smart-contracts/Accel.sol#234-237) is never used and should be removed\nSafeMath.tryAdd(uint256,uint256) (repositories2/verified-smart-contracts-database/verified-smart-contracts/Accel.sol#48-52) is never used and should be removed\nSafeMath.tryDiv(uint256,uint256) (repositories2/verified-smart-contracts-database/verified-smart-contracts/Accel.sol#84-87) is never used and should be removed\nSafeMath.tryMod(uint256,uint256) (repositories2/verified-smart-contracts-database/verified-smart-contracts/Accel.sol#94-97) is never used and should be removed\nSafeMath.tryMul(uint256,uint256) (repositories2/verified-smart-contracts-database/verified-smart-contracts/Accel.sol#69-77) is never used and should be removed\nSafeMath.trySub(uint256,uint256) (repositories2/verified-smart-contracts-database/verified-smart-contracts/Accel.sol#59-62) is never used and should be removed\nReference: https://github.com/crytic/slither/wiki/Detector-Documentation#dead-code\n\nAccel._tokenThresholdToSwap (repositories2/verified-smart-contracts-database/verified-smart-contracts/Accel.sol#927) is set pre-construction with a non-constant function or state variable:\n\t- _totalSupply / 100000\nReference: https://github.com/crytic/slither/wiki/Detector-Documentation#function-initializing-state\n\nPragma version^0.8.4 (repositories2/verified-smart-contracts-database/verified-smart-contracts/Accel.sol#6) allows old versions\nsolc-0.8.23 is not recommended for deployment\nReference: https://github.com/crytic/slither/wiki/Detector-Documentation#incorrect-versions-of-solidity\n\nEvent Ownable.onOwnershipTransferred(address,address) (repositories2/verified-smart-contracts-database/verified-smart-contracts/Accel.sol#618) is not in CapWords\nParameter Ownable.transferOwnership(address)._newOwner (repositories2/verified-smart-contracts-database/verified-smart-contracts/Accel.sol#631) is not in mixedCase\nVariable Ownable._owner (repositories2/verified-smart-contracts-database/verified-smart-contracts/Accel.sol#617) is not in mixedCase\nFunction IUniswapV2Pair.DOMAIN_SEPARATOR() (repositories2/verified-smart-contracts-database/verified-smart-contracts/Accel.sol#674) is not in mixedCase\nFunction IUniswapV2Pair.PERMIT_TYPEHASH() (repositories2/verified-smart-contracts-database/verified-smart-contracts/Accel.sol#675) is not in mixedCase\nFunction IUniswapV2Pair.MINIMUM_LIQUIDITY() (repositories2/verified-smart-contracts-database/verified-smart-contracts/Accel.sol#691) is not in mixedCase\nFunction IUniswapV2Router01.WETH() (repositories2/verified-smart-contracts-database/verified-smart-contracts/Accel.sol#712) is not in mixedCase\nParameter Accel.updateWalletSustainability(address)._walletSustainability (repositories2/verified-smart-contracts-database/verified-smart-contracts/Accel.sol#966) is not in mixedCase\nParameter Accel.updateWalletDevelopment(address)._walletDevelopment (repositories2/verified-smart-contracts-database/verified-smart-contracts/Accel.sol#971) is not in mixedCase\nParameter Accel.updateWalletStaking(address)._walletStaking (repositories2/verified-smart-contracts-database/verified-smart-contracts/Accel.sol#976) is not in mixedCase\nParameter Accel.updateDAOcontrol(address)._DAOcontrol (repositories2/verified-smart-contracts-database/verified-smart-contracts/Accel.sol#980) is not in mixedCase\nParameter Accel.setSwapAndSendFeesEnabled(bool)._enabled (repositories2/verified-smart-contracts-database/verified-smart-contracts/Accel.sol#995) is not in mixedCase\nFunction Accel.AddToCEX(bool) (repositories2/verified-smart-contracts-database/verified-smart-contracts/Accel.sol#1030-1033) is not in mixedCase\nVariable Accel._tokenThresholdToSwap (repositories2/verified-smart-contracts-database/verified-smart-contracts/Accel.sol#927) is not in mixedCase\nVariable Accel.CEX (repositories2/verified-smart-contracts-database/verified-smart-contracts/Accel.sol#931) is not in mixedCase\nVariable Accel.DAOcontrol (repositories2/verified-smart-contracts-database/verified-smart-contracts/Accel.sol#936) is not in mixedCase\nReference: https://github.com/crytic/slither/wiki/Detector-Documentation#conformance-to-solidity-naming-conventions\n\nRedundant expression "this (repositories2/verified-smart-contracts-database/verified-smart-contracts/Accel.sol#24)" inContext (repositories2/verified-smart-contracts-database/verified-smart-contracts/Accel.sol#18-27)\nReference: https://github.com/crytic/slither/wiki/Detector-Documentation#redundant-statements\n\nReentrancy in Accel._transfer(address,address,uint256) (repositories2/verified-smart-contracts-database/verified-smart-contracts/Accel.sol#1065-1099):\n\tExternal calls:\n\t- swapAndSendFees() (repositories2/verified-smart-contracts-database/verified-smart-contracts/Accel.sol#1082)\n\t\t- address(walletDevelopment).transfer(ethDevelopment) (repositories2/verified-smart-contracts-database/verified-smart-contracts/Accel.sol#1111)\n\t\t- address(walletSustainability).transfer(ethSustainability) (repositories2/verified-smart-contracts-database/verified-smart-contracts/Accel.sol#1113)\n\t\t- address(walletStaking).transfer(ethStaking) (repositories2/verified-smart-contracts-database/verified-smart-contracts/Accel.sol#1115)\n\tState variables written after the call(s):\n\t- super._transfer(from,address(this),fees) (repositories2/verified-smart-contracts-database/verified-smart-contracts/Accel.sol#1095)\n\t\t- _balances[sender] = _balances[sender].sub(amount,ERC20: transfer amount exceeds balance) (repositories2/verified-smart-contracts-database/verified-smart-contracts/Accel.sol#521)\n\t\t- _balances[recipient] = _balances[recipient].add(amount) (repositories2/verified-smart-contracts-database/verified-smart-contracts/Accel.sol#522)\n\t- super._transfer(from,to,finalTransferAmount) (repositories2/verified-smart-contracts-database/verified-smart-contracts/Accel.sol#1098)\n\t\t- _balances[sender] = _balances[sender].sub(amount,ERC20: transfer amount exceeds balance) (repositories2/verified-smart-contracts-database/verified-smart-contracts/Accel.sol#521)\n\t\t- _balances[recipient] = _balances[recipient].add(amount) (repositories2/verified-smart-contracts-database/verified-smart-contracts/Accel.sol#522)\n\tEvent emitted after the call(s):\n\t- Transfer(sender,recipient,amount) (repositories2/verified-smart-contracts-database/verified-smart-contracts/Accel.sol#523)\n\t\t- super._transfer(from,address(this),fees) (repositories2/verified-smart-contracts-database/verified-smart-contracts/Accel.sol#1095)\n\t- Transfer(sender,recipient,amount) (repositories2/verified-smart-contracts-database/verified-smart-contracts/Accel.sol#523)\n\t\t- super._transfer(from,to,finalTransferAmount) (repositories2/verified-smart-contracts-database/verified-smart-contracts/Accel.sol#1098)\nReference: https://github.com/crytic/slither/wiki/Detector-Documentation#reentrancy-vulnerabilities-4\n\nVariable IUniswapV2Router01.addLiquidity(address,address,uint256,uint256,uint256,uint256,address,uint256).amountADesired (repositories2/verified-smart-contracts-database/verified-smart-contracts/Accel.sol#717) is too similar to IUniswapV2Router01.addLiquidity(address,address,uint256,uint256,uint256,uint256,address,uint256).amountBDesired (repositories2/verified-smart-contracts-database/verified-smart-contracts/Accel.sol#718)\nReference: https://github.com/crytic/slither/wiki/Detector-Documentation#variable-names-too-similar\n\nAccel.slitherConstructorVariables() (repositories2/verified-smart-contracts-database/verified-smart-contracts/Accel.sol#908-1136) uses literals with too many digits:\n\t- _totalSupply = 5000000000 * (10 ** 18) (repositories2/verified-smart-contracts-database/verified-smart-contracts/Accel.sol#923)\nAccel.slitherConstructorVariables() (repositories2/verified-smart-contracts-database/verified-smart-contracts/Accel.sol#908-1136) uses literals with too many digits:\n\t- _tokenThresholdToSwap = _totalSupply / 100000 (repositories2/verified-smart-contracts-database/verified-smart-contracts/Accel.sol#927)\nReference: https://github.com/crytic/slither/wiki/Detector-Documentation#too-many-digits\n\nAccel.swapping (repositories2/verified-smart-contracts-database/verified-smart-contracts/Accel.sol#929) is never used in Accel (repositories2/verified-smart-contracts-database/verified-smart-contracts/Accel.sol#908-1136)\nReference: https://github.com/crytic/slither/wiki/Detector-Documentation#unused-state-variable\n\nAccel._name (repositories2/verified-smart-contracts-database/verified-smart-contracts/Accel.sol#924) should be constant \nAccel._symbol (repositories2/verified-smart-contracts-database/verified-smart-contracts/Accel.sol#925) should be constant \nAccel._totalSupply (repositories2/verified-smart-contracts-database/verified-smart-contracts/Accel.sol#923) should be constant \nAccel.swapping (repositories2/verified-smart-contracts-database/verified-smart-contracts/Accel.sol#929) should be constant \nReference: https://github.com/crytic/slither/wiki/Detector-Documentation#state-variables-that-could-be-declared-constant\n\nAccel.uniswapV2Pair (repositories2/verified-smart-contracts-database/verified-smart-contracts/Accel.sol#912) should be immutable \nAccel.uniswapV2Router (repositories2/verified-smart-contracts-database/verified-smart-contracts/Accel.sol#911) should be immutable \nReference: https://github.com/crytic/slither/wiki/Detector-Documentation#state-variables-that-could-be-declared-immutable\n./repositories2/verified-smart-contracts-database/verified-smart-contracts/Accel.sol analyzed (11 contracts with 93 detectors), 57 result(s) found\n')
CompletedProcess(args=['slither', './repositories2/verified-smart-contracts-database/verified-smart-contracts/AaveCollateralSwitch.sol', '--json', './slither/dennis_analysis2/json/AaveCollateralSwitch.sol.json'], returncode=1, stdout='', stderr='\'solc --version\' running\n\'solc ./repositories2/verified-smart-contracts-database/verified-smart-contracts/AaveCollateralSwitch.sol --combined-json abi,ast,bin,bin-runtime,srcmap,srcmap-runtime,userdoc,devdoc,hashes --allow-paths .,/home/felipe/Documents/develop/analysis_mestrado/repositories2/verified-smart-contracts-database/verified-smart-contracts\' running\nCompilation warnings/errors on ./repositories2/verified-smart-contracts-database/verified-smart-contracts/AaveCollateralSwitch.sol:\nError: Source file requires different compiler version (current compiler is 0.8.23+commit.f704f362.Linux.g++) - note that nightly builds are considered to be strictly less than the released version\n --> repositories2/verified-smart-contracts-database/verified-smart-contracts/AaveCollateralSwitch.sol:3:1:\n  |\n3 | pragma solidity =0.8.10;\n  | ^^^^^^^^^^^^^^^^^^^^^^^^\n\n\nTraceback (most recent call last):\n  File "/home/felipe/Documents/develop/analysis_mestrado/env1/lib/python3.10/site-packages/crytic_compile/platform/solc.py", line 582, in _run_solc\n    ret: Dict = json.loads(stdout)\n  File "/usr/lib/python3.10/json/__init__.py", line 346, in loads\n    return _default_decoder.decode(s)\n  File "/usr/lib/python3.10/json/decoder.py", line 337, in decode\n    obj, end = self.raw_decode(s, idx=_w(s, 0).end())\n  File "/usr/lib/python3.10/json/decoder.py", line 355, in raw_decode\n    raise JSONDecodeError("Expecting value", s, err.value) from None\njson.decoder.JSONDecodeError: Expecting value: line 1 column 1 (char 0)\n\nDuring handling of the above exception, another exception occurred:\n\nTraceback (most recent call last):\n  File "/home/felipe/Documents/develop/analysis_mestrado/env1/bin/slither", line 8, in <module>\n    sys.exit(main())\n  File "/home/felipe/Documents/develop/analysis_mestrado/env1/lib/python3.10/site-packages/slither/__main__.py", line 727, in main\n    main_impl(all_detector_classes=detectors, all_printer_classes=printers)\n  File "/home/felipe/Documents/develop/analysis_mestrado/env1/lib/python3.10/site-packages/slither/__main__.py", line 833, in main_impl\n    ) = process_all(filename, args, detector_classes, printer_classes)\n  File "/home/felipe/Documents/develop/analysis_mestrado/env1/lib/python3.10/site-packages/slither/__main__.py", line 96, in process_all\n    compilations = compile_all(target, **vars(args))\n  File "/home/felipe/Documents/develop/analysis_mestrado/env1/lib/python3.10/site-packages/crytic_compile/crytic_compile.py", line 718, in compile_all\n    compilations.append(CryticCompile(target, **kwargs))\n  File "/home/felipe/Documents/develop/analysis_mestrado/env1/lib/python3.10/site-packages/crytic_compile/crytic_compile.py", line 207, in __init__\n    self._compile(**kwargs)\n  File "/home/felipe/Documents/develop/analysis_mestrado/env1/lib/python3.10/site-packages/crytic_compile/crytic_compile.py", line 629, in _compile\n    self._platform.compile(self, **kwargs)\n  File "/home/felipe/Documents/develop/analysis_mestrado/env1/lib/python3.10/site-packages/crytic_compile/platform/solc.py", line 151, in compile\n    targets_json = _get_targets_json(compilation_unit, self._target, **kwargs)\n  File "/home/felipe/Documents/develop/analysis_mestrado/env1/lib/python3.10/site-packages/crytic_compile/platform/solc.py", line 280, in _get_targets_json\n    return _run_solc(\n  File "/home/felipe/Documents/develop/analysis_mestrado/env1/lib/python3.10/site-packages/crytic_compile/platform/solc.py", line 586, in _run_solc\n    raise InvalidCompilation(f"Invalid solc compilation {stderr}")\ncrytic_compile.platform.exceptions.InvalidCompilation: Invalid solc compilation Error: Source file requires different compiler version (current compiler is 0.8.23+commit.f704f362.Linux.g++) - note that nightly builds are considered to be strictly less than the released version\n --> repositories2/verified-smart-contracts-database/verified-smart-contracts/AaveCollateralSwitch.sol:3:1:\n  |\n3 | pragma solidity =0.8.10;\n  | ^^^^^^^^^^^^^^^^^^^^^^^^\n\n\n')
CompletedProcess(args=['slither', './repositories2/verified-smart-contracts-database/verified-smart-contracts/AbandonedKidKongz.sol', '--json', './slither/dennis_analysis2/json/AbandonedKidKongz.sol.json'], returncode=255, stdout='', stderr="'solc --version' running\n'solc ./repositories2/verified-smart-contracts-database/verified-smart-contracts/AbandonedKidKongz.sol --combined-json abi,ast,bin,bin-runtime,srcmap,srcmap-runtime,userdoc,devdoc,hashes --allow-paths .,/home/felipe/Documents/develop/analysis_mestrado/repositories2/verified-smart-contracts-database/verified-smart-contracts' running\n\nAbandonedKidKongz.tokenURI(uint256) (repositories2/verified-smart-contracts-database/verified-smart-contracts/AbandonedKidKongz.sol#1233-1249) calls abi.encodePacked() with multiple dynamic arguments:\n\t- string(abi.encodePacked(currentBaseURI,tokenId.toString(),baseExtension)) (repositories2/verified-smart-contracts-database/verified-smart-contracts/AbandonedKidKongz.sol#1246-1248)\nReference: https://github.com/crytic/slither/wiki/Detector-Documentation#abi-encodePacked-collision\n\nReentrancy in AbandonedKidKongz.mint(address,uint256) (repositories2/verified-smart-contracts-database/verified-smart-contracts/AbandonedKidKongz.sol#1207-1218):\n\tExternal calls:\n\t- IERC721(kk).transferFrom(msg.sender,multisig,_tokenId) (repositories2/verified-smart-contracts-database/verified-smart-contracts/AbandonedKidKongz.sol#1216)\n\t- _safeMint(_to,_tokenId) (repositories2/verified-smart-contracts-database/verified-smart-contracts/AbandonedKidKongz.sol#1217)\n\t\t- retval = IERC721Receiver(to).onERC721Received(_msgSender(),from,tokenId,_data) (repositories2/verified-smart-contracts-database/verified-smart-contracts/AbandonedKidKongz.sol#889-899)\n\tState variables written after the call(s):\n\t- _safeMint(_to,_tokenId) (repositories2/verified-smart-contracts-database/verified-smart-contracts/AbandonedKidKongz.sol#1217)\n\t\t- _allTokens.push(tokenId) (repositories2/verified-smart-contracts-database/verified-smart-contracts/AbandonedKidKongz.sol#1048)\n\t\t- _allTokens[tokenIndex] = lastTokenId (repositories2/verified-smart-contracts-database/verified-smart-contracts/AbandonedKidKongz.sol#1096)\n\t\t- _allTokens.pop() (repositories2/verified-smart-contracts-database/verified-smart-contracts/AbandonedKidKongz.sol#1101)\n\tERC721Enumerable._allTokens (repositories2/verified-smart-contracts-database/verified-smart-contracts/AbandonedKidKongz.sol#962) can be used in cross function reentrancies:\n\t- ERC721Enumerable._addTokenToAllTokensEnumeration(uint256) (repositories2/verified-smart-contracts-database/verified-smart-contracts/AbandonedKidKongz.sol#1046-1049)\n\t- ERC721Enumerable._removeTokenFromAllTokensEnumeration(uint256) (repositories2/verified-smart-contracts-database/verified-smart-contracts/AbandonedKidKongz.sol#1084-1102)\n\t- ERC721Enumerable.tokenByIndex(uint256) (repositories2/verified-smart-contracts-database/verified-smart-contracts/AbandonedKidKongz.sol#992-995)\n\t- ERC721Enumerable.totalSupply() (repositories2/verified-smart-contracts-database/verified-smart-contracts/AbandonedKidKongz.sol#985-987)\n\t- _safeMint(_to,_tokenId) (repositories2/verified-smart-contracts-database/verified-smart-contracts/AbandonedKidKongz.sol#1217)\n\t\t- _balances[to] += 1 (repositories2/verified-smart-contracts-database/verified-smart-contracts/AbandonedKidKongz.sol#801)\n\tERC721._balances (repositories2/verified-smart-contracts-database/verified-smart-contracts/AbandonedKidKongz.sol#545) can be used in cross function reentrancies:\n\t- ERC721._mint(address,uint256) (repositories2/verified-smart-contracts-database/verified-smart-contracts/AbandonedKidKongz.sol#795-805)\n\t- ERC721._transfer(address,address,uint256) (repositories2/verified-smart-contracts-database/verified-smart-contracts/AbandonedKidKongz.sol#842-860)\n\t- ERC721.balanceOf(address) (repositories2/verified-smart-contracts-database/verified-smart-contracts/AbandonedKidKongz.sol#574-577)\nReference: https://github.com/crytic/slither/wiki/Detector-Documentation#reentrancy-vulnerabilities-1\n\nAbandonedKidKongz.constructor(string,string,string)._name (repositories2/verified-smart-contracts-database/verified-smart-contracts/AbandonedKidKongz.sol#1193) shadows:\n\t- ERC721._name (repositories2/verified-smart-contracts-database/verified-smart-contracts/AbandonedKidKongz.sol#536) (state variable)\nAbandonedKidKongz.constructor(string,string,string)._symbol (repositories2/verified-smart-contracts-database/verified-smart-contracts/AbandonedKidKongz.sol#1194) shadows:\n\t- ERC721._symbol (repositories2/verified-smart-contracts-database/verified-smart-contracts/AbandonedKidKongz.sol#539) (state variable)\nAbandonedKidKongz.walletOfOwner(address)._owner (repositories2/verified-smart-contracts-database/verified-smart-contracts/AbandonedKidKongz.sol#1220) shadows:\n\t- Ownable._owner (repositories2/verified-smart-contracts-database/verified-smart-contracts/AbandonedKidKongz.sol#1118) (state variable)\nReference: https://github.com/crytic/slither/wiki/Detector-Documentation#local-variable-shadowing\n\nReentrancy in AbandonedKidKongz.mint(address,uint256) (repositories2/verified-smart-contracts-database/verified-smart-contracts/AbandonedKidKongz.sol#1207-1218):\n\tExternal calls:\n\t- IERC721(kk).transferFrom(msg.sender,multisig,_tokenId) (repositories2/verified-smart-contracts-database/verified-smart-contracts/AbandonedKidKongz.sol#1216)\n\t- _safeMint(_to,_tokenId) (repositories2/verified-smart-contracts-database/verified-smart-contracts/AbandonedKidKongz.sol#1217)\n\t\t- retval = IERC721Receiver(to).onERC721Received(_msgSender(),from,tokenId,_data) (repositories2/verified-smart-contracts-database/verified-smart-contracts/AbandonedKidKongz.sol#889-899)\n\tEvent emitted after the call(s):\n\t- Transfer(address(0),to,tokenId) (repositories2/verified-smart-contracts-database/verified-smart-contracts/AbandonedKidKongz.sol#804)\n\t\t- _safeMint(_to,_tokenId) (repositories2/verified-smart-contracts-database/verified-smart-contracts/AbandonedKidKongz.sol#1217)\nReference: https://github.com/crytic/slither/wiki/Detector-Documentation#reentrancy-vulnerabilities-3\n\nAddress.isContract(address) (repositories2/verified-smart-contracts-database/verified-smart-contracts/AbandonedKidKongz.sol#228-238) uses assembly\n\t- INLINE ASM (repositories2/verified-smart-contracts-database/verified-smart-contracts/AbandonedKidKongz.sol#234-236)\nAddress.verifyCallResult(bool,bytes,string) (repositories2/verified-smart-contracts-database/verified-smart-contracts/AbandonedKidKongz.sol#397-417) uses assembly\n\t- INLINE ASM (repositories2/verified-smart-contracts-database/verified-smart-contracts/AbandonedKidKongz.sol#409-412)\nERC721._checkOnERC721Received(address,address,uint256,bytes) (repositories2/verified-smart-contracts-database/verified-smart-contracts/AbandonedKidKongz.sol#882-903) uses assembly\n\t- INLINE ASM (repositories2/verified-smart-contracts-database/verified-smart-contracts/AbandonedKidKongz.sol#895-897)\nReference: https://github.com/crytic/slither/wiki/Detector-Documentation#assembly-usage\n\nAddress.functionCall(address,bytes) (repositories2/verified-smart-contracts-database/verified-smart-contracts/AbandonedKidKongz.sol#281-283) is never used and should be removed\nAddress.functionCall(address,bytes,string) (repositories2/verified-smart-contracts-database/verified-smart-contracts/AbandonedKidKongz.sol#291-297) is never used and should be removed\nAddress.functionCallWithValue(address,bytes,uint256) (repositories2/verified-smart-contracts-database/verified-smart-contracts/AbandonedKidKongz.sol#310-316) is never used and should be removed\nAddress.functionCallWithValue(address,bytes,uint256,string) (repositories2/verified-smart-contracts-database/verified-smart-contracts/AbandonedKidKongz.sol#324-335) is never used and should be removed\nAddress.functionDelegateCall(address,bytes) (repositories2/verified-smart-contracts-database/verified-smart-contracts/AbandonedKidKongz.sol#370-372) is never used and should be removed\nAddress.functionDelegateCall(address,bytes,string) (repositories2/verified-smart-contracts-database/verified-smart-contracts/AbandonedKidKongz.sol#380-389) is never used and should be removed\nAddress.functionStaticCall(address,bytes) (repositories2/verified-smart-contracts-database/verified-smart-contracts/AbandonedKidKongz.sol#343-345) is never used and should be removed\nAddress.functionStaticCall(address,bytes,string) (repositories2/verified-smart-contracts-database/verified-smart-contracts/AbandonedKidKongz.sol#353-362) is never used and should be removed\nAddress.sendValue(address,uint256) (repositories2/verified-smart-contracts-database/verified-smart-contracts/AbandonedKidKongz.sol#256-261) is never used and should be removed\nAddress.verifyCallResult(bool,bytes,string) (repositories2/verified-smart-contracts-database/verified-smart-contracts/AbandonedKidKongz.sol#397-417) is never used and should be removed\nContext._msgData() (repositories2/verified-smart-contracts-database/verified-smart-contracts/AbandonedKidKongz.sol#435-437) is never used and should be removed\nERC721._baseURI() (repositories2/verified-smart-contracts-database/verified-smart-contracts/AbandonedKidKongz.sol#617-619) is never used and should be removed\nERC721._burn(uint256) (repositories2/verified-smart-contracts-database/verified-smart-contracts/AbandonedKidKongz.sol#817-829) is never used and should be removed\nStrings.toHexString(uint256) (repositories2/verified-smart-contracts-database/verified-smart-contracts/AbandonedKidKongz.sol#474-485) is never used and should be removed\nStrings.toHexString(uint256,uint256) (repositories2/verified-smart-contracts-database/verified-smart-contracts/AbandonedKidKongz.sol#490-500) is never used and should be removed\nReference: https://github.com/crytic/slither/wiki/Detector-Documentation#dead-code\n\nPragma version^0.8.0 (repositories2/verified-smart-contracts-database/verified-smart-contracts/AbandonedKidKongz.sol#3) allows old versions\nsolc-0.8.23 is not recommended for deployment\nReference: https://github.com/crytic/slither/wiki/Detector-Documentation#incorrect-versions-of-solidity\n\nLow level call in Address.sendValue(address,uint256) (repositories2/verified-smart-contracts-database/verified-smart-contracts/AbandonedKidKongz.sol#256-261):\n\t- (success) = recipient.call{value: amount}() (repositories2/verified-smart-contracts-database/verified-smart-contracts/AbandonedKidKongz.sol#259)\nLow level call in Address.functionCallWithValue(address,bytes,uint256,string) (repositories2/verified-smart-contracts-database/verified-smart-contracts/AbandonedKidKongz.sol#324-335):\n\t- (success,returndata) = target.call{value: value}(data) (repositories2/verified-smart-contracts-database/verified-smart-contracts/AbandonedKidKongz.sol#333)\nLow level call in Address.functionStaticCall(address,bytes,string) (repositories2/verified-smart-contracts-database/verified-smart-contracts/AbandonedKidKongz.sol#353-362):\n\t- (success,returndata) = target.staticcall(data) (repositories2/verified-smart-contracts-database/verified-smart-contracts/AbandonedKidKongz.sol#360)\nLow level call in Address.functionDelegateCall(address,bytes,string) (repositories2/verified-smart-contracts-database/verified-smart-contracts/AbandonedKidKongz.sol#380-389):\n\t- (success,returndata) = target.delegatecall(data) (repositories2/verified-smart-contracts-database/verified-smart-contracts/AbandonedKidKongz.sol#387)\nReference: https://github.com/crytic/slither/wiki/Detector-Documentation#low-level-calls\n\nParameter ERC721.safeTransferFrom(address,address,uint256,bytes)._data (repositories2/verified-smart-contracts-database/verified-smart-contracts/AbandonedKidKongz.sol#694) is not in mixedCase\nParameter AbandonedKidKongz.mint(address,uint256)._to (repositories2/verified-smart-contracts-database/verified-smart-contracts/AbandonedKidKongz.sol#1207) is not in mixedCase\nParameter AbandonedKidKongz.mint(address,uint256)._tokenId (repositories2/verified-smart-contracts-database/verified-smart-contracts/AbandonedKidKongz.sol#1207) is not in mixedCase\nParameter AbandonedKidKongz.walletOfOwner(address)._owner (repositories2/verified-smart-contracts-database/verified-smart-contracts/AbandonedKidKongz.sol#1220) is not in mixedCase\nParameter AbandonedKidKongz.setMaxHoldings(uint256)._setMaxHoldings (repositories2/verified-smart-contracts-database/verified-smart-contracts/AbandonedKidKongz.sol#1253) is not in mixedCase\nParameter AbandonedKidKongz.setmaxMintAmount(uint256)._newmaxMintAmount (repositories2/verified-smart-contracts-database/verified-smart-contracts/AbandonedKidKongz.sol#1257) is not in mixedCase\nParameter AbandonedKidKongz.setBaseURI(string)._newBaseURI (repositories2/verified-smart-contracts-database/verified-smart-contracts/AbandonedKidKongz.sol#1261) is not in mixedCase\nParameter AbandonedKidKongz.setBaseExtension(string)._newBaseExtension (repositories2/verified-smart-contracts-database/verified-smart-contracts/AbandonedKidKongz.sol#1265) is not in mixedCase\nParameter AbandonedKidKongz.pause(bool)._state (repositories2/verified-smart-contracts-database/verified-smart-contracts/AbandonedKidKongz.sol#1269) is not in mixedCase\nReference: https://github.com/crytic/slither/wiki/Detector-Documentation#conformance-to-solidity-naming-conventions\n\nAbandonedKidKongz.kk (repositories2/verified-smart-contracts-database/verified-smart-contracts/AbandonedKidKongz.sol#1190) should be constant \nAbandonedKidKongz.maxSupply (repositories2/verified-smart-contracts-database/verified-smart-contracts/AbandonedKidKongz.sol#1184) should be constant \nAbandonedKidKongz.multisig (repositories2/verified-smart-contracts-database/verified-smart-contracts/AbandonedKidKongz.sol#1189) should be constant \nReference: https://github.com/crytic/slither/wiki/Detector-Documentation#state-variables-that-could-be-declared-constant\n./repositories2/verified-smart-contracts-database/verified-smart-contracts/AbandonedKidKongz.sol analyzed (13 contracts with 93 detectors), 42 result(s) found\n")
CompletedProcess(args=['slither', './repositories2/verified-smart-contracts-database/verified-smart-contracts/_8SIAN_PaymentSpliiter_.sol', '--json', './slither/dennis_analysis2/json/_8SIAN_PaymentSpliiter_.sol.json'], returncode=255, stdout='', stderr="'solc --version' running\n'solc ./repositories2/verified-smart-contracts-database/verified-smart-contracts/_8SIAN_PaymentSpliiter_.sol --combined-json abi,ast,bin,bin-runtime,srcmap,srcmap-runtime,userdoc,devdoc,hashes --allow-paths .,/home/felipe/Documents/develop/analysis_mestrado/repositories2/verified-smart-contracts-database/verified-smart-contracts' running\n\nAddress.isContract(address) (repositories2/verified-smart-contracts-database/verified-smart-contracts/_8SIAN_PaymentSpliiter_.sol#42-52) uses assembly\n\t- INLINE ASM (repositories2/verified-smart-contracts-database/verified-smart-contracts/_8SIAN_PaymentSpliiter_.sol#48-50)\nAddress.verifyCallResult(bool,bytes,string) (repositories2/verified-smart-contracts-database/verified-smart-contracts/_8SIAN_PaymentSpliiter_.sol#211-231) uses assembly\n\t- INLINE ASM (repositories2/verified-smart-contracts-database/verified-smart-contracts/_8SIAN_PaymentSpliiter_.sol#223-226)\nReference: https://github.com/crytic/slither/wiki/Detector-Documentation#assembly-usage\n\nAddress.functionCall(address,bytes) (repositories2/verified-smart-contracts-database/verified-smart-contracts/_8SIAN_PaymentSpliiter_.sol#95-97) is never used and should be removed\nAddress.functionCall(address,bytes,string) (repositories2/verified-smart-contracts-database/verified-smart-contracts/_8SIAN_PaymentSpliiter_.sol#105-111) is never used and should be removed\nAddress.functionCallWithValue(address,bytes,uint256) (repositories2/verified-smart-contracts-database/verified-smart-contracts/_8SIAN_PaymentSpliiter_.sol#124-130) is never used and should be removed\nAddress.functionCallWithValue(address,bytes,uint256,string) (repositories2/verified-smart-contracts-database/verified-smart-contracts/_8SIAN_PaymentSpliiter_.sol#138-149) is never used and should be removed\nAddress.functionDelegateCall(address,bytes) (repositories2/verified-smart-contracts-database/verified-smart-contracts/_8SIAN_PaymentSpliiter_.sol#184-186) is never used and should be removed\nAddress.functionDelegateCall(address,bytes,string) (repositories2/verified-smart-contracts-database/verified-smart-contracts/_8SIAN_PaymentSpliiter_.sol#194-203) is never used and should be removed\nAddress.functionStaticCall(address,bytes) (repositories2/verified-smart-contracts-database/verified-smart-contracts/_8SIAN_PaymentSpliiter_.sol#157-159) is never used and should be removed\nAddress.functionStaticCall(address,bytes,string) (repositories2/verified-smart-contracts-database/verified-smart-contracts/_8SIAN_PaymentSpliiter_.sol#167-176) is never used and should be removed\nAddress.isContract(address) (repositories2/verified-smart-contracts-database/verified-smart-contracts/_8SIAN_PaymentSpliiter_.sol#42-52) is never used and should be removed\nAddress.verifyCallResult(bool,bytes,string) (repositories2/verified-smart-contracts-database/verified-smart-contracts/_8SIAN_PaymentSpliiter_.sol#211-231) is never used and should be removed\nReference: https://github.com/crytic/slither/wiki/Detector-Documentation#dead-code\n\nPragma version^0.8.0 (repositories2/verified-smart-contracts-database/verified-smart-contracts/_8SIAN_PaymentSpliiter_.sol#19) allows old versions\nPragma version^0.8.0 (repositories2/verified-smart-contracts-database/verified-smart-contracts/_8SIAN_PaymentSpliiter_.sol#234) allows old versions\nsolc-0.8.23 is not recommended for deployment\nReference: https://github.com/crytic/slither/wiki/Detector-Documentation#incorrect-versions-of-solidity\n\nLow level call in Address.sendValue(address,uint256) (repositories2/verified-smart-contracts-database/verified-smart-contracts/_8SIAN_PaymentSpliiter_.sol#70-75):\n\t- (success) = recipient.call{value: amount}() (repositories2/verified-smart-contracts-database/verified-smart-contracts/_8SIAN_PaymentSpliiter_.sol#73)\nLow level call in Address.functionCallWithValue(address,bytes,uint256,string) (repositories2/verified-smart-contracts-database/verified-smart-contracts/_8SIAN_PaymentSpliiter_.sol#138-149):\n\t- (success,returndata) = target.call{value: value}(data) (repositories2/verified-smart-contracts-database/verified-smart-contracts/_8SIAN_PaymentSpliiter_.sol#147)\nLow level call in Address.functionStaticCall(address,bytes,string) (repositories2/verified-smart-contracts-database/verified-smart-contracts/_8SIAN_PaymentSpliiter_.sol#167-176):\n\t- (success,returndata) = target.staticcall(data) (repositories2/verified-smart-contracts-database/verified-smart-contracts/_8SIAN_PaymentSpliiter_.sol#174)\nLow level call in Address.functionDelegateCall(address,bytes,string) (repositories2/verified-smart-contracts-database/verified-smart-contracts/_8SIAN_PaymentSpliiter_.sol#194-203):\n\t- (success,returndata) = target.delegatecall(data) (repositories2/verified-smart-contracts-database/verified-smart-contracts/_8SIAN_PaymentSpliiter_.sol#201)\nReference: https://github.com/crytic/slither/wiki/Detector-Documentation#low-level-calls\n\nContract _8SIAN_PaymentSpliiter_ (repositories2/verified-smart-contracts-database/verified-smart-contracts/_8SIAN_PaymentSpliiter_.sol#236-274) is not in CapWords\nReference: https://github.com/crytic/slither/wiki/Detector-Documentation#conformance-to-solidity-naming-conventions\n\n_8SIAN_PaymentSpliiter_.owner (repositories2/verified-smart-contracts-database/verified-smart-contracts/_8SIAN_PaymentSpliiter_.sol#237) should be immutable \nReference: https://github.com/crytic/slither/wiki/Detector-Documentation#state-variables-that-could-be-declared-immutable\n./repositories2/verified-smart-contracts-database/verified-smart-contracts/_8SIAN_PaymentSpliiter_.sol analyzed (2 contracts with 93 detectors), 21 result(s) found\n")
CompletedProcess(args=['slither', './repositories2/verified-smart-contracts-database/verified-smart-contracts/AavePriceFeed.sol', '--json', './slither/dennis_analysis2/json/AavePriceFeed.sol.json'], returncode=1, stdout='', stderr='\'solc --version\' running\n\'solc ./repositories2/verified-smart-contracts-database/verified-smart-contracts/AavePriceFeed.sol --combined-json abi,ast,bin,bin-runtime,srcmap,srcmap-runtime,userdoc,devdoc,hashes --allow-paths .,/home/felipe/Documents/develop/analysis_mestrado/repositories2/verified-smart-contracts-database/verified-smart-contracts\' running\nCompilation warnings/errors on ./repositories2/verified-smart-contracts-database/verified-smart-contracts/AavePriceFeed.sol:\nError: Expected pragma, import directive or contract/interface/library/struct/enum/constant/function/error definition.\n --> repositories2/verified-smart-contracts-database/verified-smart-contracts/AavePriceFeed.sol:1:1:\n  |\n1 | {{\n  | ^\n\n\nTraceback (most recent call last):\n  File "/home/felipe/Documents/develop/analysis_mestrado/env1/lib/python3.10/site-packages/crytic_compile/platform/solc.py", line 582, in _run_solc\n    ret: Dict = json.loads(stdout)\n  File "/usr/lib/python3.10/json/__init__.py", line 346, in loads\n    return _default_decoder.decode(s)\n  File "/usr/lib/python3.10/json/decoder.py", line 337, in decode\n    obj, end = self.raw_decode(s, idx=_w(s, 0).end())\n  File "/usr/lib/python3.10/json/decoder.py", line 355, in raw_decode\n    raise JSONDecodeError("Expecting value", s, err.value) from None\njson.decoder.JSONDecodeError: Expecting value: line 1 column 1 (char 0)\n\nDuring handling of the above exception, another exception occurred:\n\nTraceback (most recent call last):\n  File "/home/felipe/Documents/develop/analysis_mestrado/env1/bin/slither", line 8, in <module>\n    sys.exit(main())\n  File "/home/felipe/Documents/develop/analysis_mestrado/env1/lib/python3.10/site-packages/slither/__main__.py", line 727, in main\n    main_impl(all_detector_classes=detectors, all_printer_classes=printers)\n  File "/home/felipe/Documents/develop/analysis_mestrado/env1/lib/python3.10/site-packages/slither/__main__.py", line 833, in main_impl\n    ) = process_all(filename, args, detector_classes, printer_classes)\n  File "/home/felipe/Documents/develop/analysis_mestrado/env1/lib/python3.10/site-packages/slither/__main__.py", line 96, in process_all\n    compilations = compile_all(target, **vars(args))\n  File "/home/felipe/Documents/develop/analysis_mestrado/env1/lib/python3.10/site-packages/crytic_compile/crytic_compile.py", line 718, in compile_all\n    compilations.append(CryticCompile(target, **kwargs))\n  File "/home/felipe/Documents/develop/analysis_mestrado/env1/lib/python3.10/site-packages/crytic_compile/crytic_compile.py", line 207, in __init__\n    self._compile(**kwargs)\n  File "/home/felipe/Documents/develop/analysis_mestrado/env1/lib/python3.10/site-packages/crytic_compile/crytic_compile.py", line 629, in _compile\n    self._platform.compile(self, **kwargs)\n  File "/home/felipe/Documents/develop/analysis_mestrado/env1/lib/python3.10/site-packages/crytic_compile/platform/solc.py", line 151, in compile\n    targets_json = _get_targets_json(compilation_unit, self._target, **kwargs)\n  File "/home/felipe/Documents/develop/analysis_mestrado/env1/lib/python3.10/site-packages/crytic_compile/platform/solc.py", line 280, in _get_targets_json\n    return _run_solc(\n  File "/home/felipe/Documents/develop/analysis_mestrado/env1/lib/python3.10/site-packages/crytic_compile/platform/solc.py", line 586, in _run_solc\n    raise InvalidCompilation(f"Invalid solc compilation {stderr}")\ncrytic_compile.platform.exceptions.InvalidCompilation: Invalid solc compilation Error: Expected pragma, import directive or contract/interface/library/struct/enum/constant/function/error definition.\n --> repositories2/verified-smart-contracts-database/verified-smart-contracts/AavePriceFeed.sol:1:1:\n  |\n1 | {{\n  | ^\n\n\n')
CompletedProcess(args=['slither', './repositories2/verified-smart-contracts-database/verified-smart-contracts/AaveClaimStkAave.sol', '--json', './slither/dennis_analysis2/json/AaveClaimStkAave.sol.json'], returncode=1, stdout='', stderr='\'solc --version\' running\n\'solc ./repositories2/verified-smart-contracts-database/verified-smart-contracts/AaveClaimStkAave.sol --combined-json abi,ast,bin,bin-runtime,srcmap,srcmap-runtime,userdoc,devdoc,hashes --allow-paths .,/home/felipe/Documents/develop/analysis_mestrado/repositories2/verified-smart-contracts-database/verified-smart-contracts\' running\nCompilation warnings/errors on ./repositories2/verified-smart-contracts-database/verified-smart-contracts/AaveClaimStkAave.sol:\nError: Source file requires different compiler version (current compiler is 0.8.23+commit.f704f362.Linux.g++) - note that nightly builds are considered to be strictly less than the released version\n --> repositories2/verified-smart-contracts-database/verified-smart-contracts/AaveClaimStkAave.sol:3:1:\n  |\n3 | pragma solidity =0.8.10;\n  | ^^^^^^^^^^^^^^^^^^^^^^^^\n\n\nTraceback (most recent call last):\n  File "/home/felipe/Documents/develop/analysis_mestrado/env1/lib/python3.10/site-packages/crytic_compile/platform/solc.py", line 582, in _run_solc\n    ret: Dict = json.loads(stdout)\n  File "/usr/lib/python3.10/json/__init__.py", line 346, in loads\n    return _default_decoder.decode(s)\n  File "/usr/lib/python3.10/json/decoder.py", line 337, in decode\n    obj, end = self.raw_decode(s, idx=_w(s, 0).end())\n  File "/usr/lib/python3.10/json/decoder.py", line 355, in raw_decode\n    raise JSONDecodeError("Expecting value", s, err.value) from None\njson.decoder.JSONDecodeError: Expecting value: line 1 column 1 (char 0)\n\nDuring handling of the above exception, another exception occurred:\n\nTraceback (most recent call last):\n  File "/home/felipe/Documents/develop/analysis_mestrado/env1/bin/slither", line 8, in <module>\n    sys.exit(main())\n  File "/home/felipe/Documents/develop/analysis_mestrado/env1/lib/python3.10/site-packages/slither/__main__.py", line 727, in main\n    main_impl(all_detector_classes=detectors, all_printer_classes=printers)\n  File "/home/felipe/Documents/develop/analysis_mestrado/env1/lib/python3.10/site-packages/slither/__main__.py", line 833, in main_impl\n    ) = process_all(filename, args, detector_classes, printer_classes)\n  File "/home/felipe/Documents/develop/analysis_mestrado/env1/lib/python3.10/site-packages/slither/__main__.py", line 96, in process_all\n    compilations = compile_all(target, **vars(args))\n  File "/home/felipe/Documents/develop/analysis_mestrado/env1/lib/python3.10/site-packages/crytic_compile/crytic_compile.py", line 718, in compile_all\n    compilations.append(CryticCompile(target, **kwargs))\n  File "/home/felipe/Documents/develop/analysis_mestrado/env1/lib/python3.10/site-packages/crytic_compile/crytic_compile.py", line 207, in __init__\n    self._compile(**kwargs)\n  File "/home/felipe/Documents/develop/analysis_mestrado/env1/lib/python3.10/site-packages/crytic_compile/crytic_compile.py", line 629, in _compile\n    self._platform.compile(self, **kwargs)\n  File "/home/felipe/Documents/develop/analysis_mestrado/env1/lib/python3.10/site-packages/crytic_compile/platform/solc.py", line 151, in compile\n    targets_json = _get_targets_json(compilation_unit, self._target, **kwargs)\n  File "/home/felipe/Documents/develop/analysis_mestrado/env1/lib/python3.10/site-packages/crytic_compile/platform/solc.py", line 280, in _get_targets_json\n    return _run_solc(\n  File "/home/felipe/Documents/develop/analysis_mestrado/env1/lib/python3.10/site-packages/crytic_compile/platform/solc.py", line 586, in _run_solc\n    raise InvalidCompilation(f"Invalid solc compilation {stderr}")\ncrytic_compile.platform.exceptions.InvalidCompilation: Invalid solc compilation Error: Source file requires different compiler version (current compiler is 0.8.23+commit.f704f362.Linux.g++) - note that nightly builds are considered to be strictly less than the released version\n --> repositories2/verified-smart-contracts-database/verified-smart-contracts/AaveClaimStkAave.sol:3:1:\n  |\n3 | pragma solidity =0.8.10;\n  | ^^^^^^^^^^^^^^^^^^^^^^^^\n\n\n')
CompletedProcess(args=['slither', './repositories2/verified-smart-contracts-database/verified-smart-contracts/AAC.sol', '--json', './slither/dennis_analysis2/json/AAC.sol.json'], returncode=255, stdout='', stderr="'solc --version' running\n'solc ./repositories2/verified-smart-contracts-database/verified-smart-contracts/AAC.sol --combined-json abi,ast,bin,bin-runtime,srcmap,srcmap-runtime,userdoc,devdoc,hashes --allow-paths .,/home/felipe/Documents/develop/analysis_mestrado/repositories2/verified-smart-contracts-database/verified-smart-contracts' running\nCompilation warnings/errors on ./repositories2/verified-smart-contracts-database/verified-smart-contracts/AAC.sol:\nWarning: Unused local variable.\n    --> repositories2/verified-smart-contracts-database/verified-smart-contracts/AAC.sol:1299:5:\n     |\n1299 |     uint256 contractBalance = address(this).balance;\n     |     ^^^^^^^^^^^^^^^^^^^^^^^\n\nWarning: Function state mutability can be restricted to pure\n    --> repositories2/verified-smart-contracts-database/verified-smart-contracts/AAC.sol:1292:3:\n     |\n1292 |   function presalecost() public view returns (uint256){\n     |   ^ (Relevant source part starts here and spans across multiple lines).\n\n\n\nReentrancy in ERC721A._mint(address,uint256,bytes,bool) (repositories2/verified-smart-contracts-database/verified-smart-contracts/AAC.sol#983-1023):\n\tExternal calls:\n\t- require(bool,string)(_checkOnERC721Received(address(0),to,updatedIndex,_data),ERC721A: transfer to non ERC721Receiver implementer) (repositories2/verified-smart-contracts-database/verified-smart-contracts/AAC.sol#1010-1013)\n\t\t- retval = IERC721Receiver(to).onERC721Received(_msgSender(),from,tokenId,_data) (repositories2/verified-smart-contracts-database/verified-smart-contracts/AAC.sol#1112-1122)\n\tState variables written after the call(s):\n\t- currentIndex = updatedIndex (repositories2/verified-smart-contracts-database/verified-smart-contracts/AAC.sol#1019)\n\tERC721A.currentIndex (repositories2/verified-smart-contracts-database/verified-smart-contracts/AAC.sol#707) can be used in cross function reentrancies:\n\t- ERC721A._exists(uint256) (repositories2/verified-smart-contracts-database/verified-smart-contracts/AAC.sol#947-949)\n\t- ERC721A.totalSupply() (repositories2/verified-smart-contracts-database/verified-smart-contracts/AAC.sol#736-738)\nReference: https://github.com/crytic/slither/wiki/Detector-Documentation#reentrancy-vulnerabilities-1\n\nERC721A.ownershipOf(uint256) (repositories2/verified-smart-contracts-database/verified-smart-contracts/AAC.sol#806-819) contains a tautology or contradiction:\n\t- curr >= 0 (repositories2/verified-smart-contracts-database/verified-smart-contracts/AAC.sol#810)\nReference: https://github.com/crytic/slither/wiki/Detector-Documentation#tautology-or-contradiction\n\nERC721A.tokenOfOwnerByIndex(address,uint256).currOwnershipAddr (repositories2/verified-smart-contracts-database/verified-smart-contracts/AAC.sol#757) is a local variable never initialized\nERC721A.tokenOfOwnerByIndex(address,uint256).tokenIdsIdx (repositories2/verified-smart-contracts-database/verified-smart-contracts/AAC.sol#756) is a local variable never initialized\nReference: https://github.com/crytic/slither/wiki/Detector-Documentation#uninitialized-local-variables\n\nReentrancy in ERC721A._mint(address,uint256,bytes,bool) (repositories2/verified-smart-contracts-database/verified-smart-contracts/AAC.sol#983-1023):\n\tExternal calls:\n\t- require(bool,string)(_checkOnERC721Received(address(0),to,updatedIndex,_data),ERC721A: transfer to non ERC721Receiver implementer) (repositories2/verified-smart-contracts-database/verified-smart-contracts/AAC.sol#1010-1013)\n\t\t- retval = IERC721Receiver(to).onERC721Received(_msgSender(),from,tokenId,_data) (repositories2/verified-smart-contracts-database/verified-smart-contracts/AAC.sol#1112-1122)\n\tEvent emitted after the call(s):\n\t- Transfer(address(0),to,updatedIndex) (repositories2/verified-smart-contracts-database/verified-smart-contracts/AAC.sol#1008)\nReference: https://github.com/crytic/slither/wiki/Detector-Documentation#reentrancy-vulnerabilities-3\n\nAddress.isContract(address) (repositories2/verified-smart-contracts-database/verified-smart-contracts/AAC.sol#100-110) uses assembly\n\t- INLINE ASM (repositories2/verified-smart-contracts-database/verified-smart-contracts/AAC.sol#106-108)\nAddress.verifyCallResult(bool,bytes,string) (repositories2/verified-smart-contracts-database/verified-smart-contracts/AAC.sol#269-289) uses assembly\n\t- INLINE ASM (repositories2/verified-smart-contracts-database/verified-smart-contracts/AAC.sol#281-284)\nERC721A._checkOnERC721Received(address,address,uint256,bytes) (repositories2/verified-smart-contracts-database/verified-smart-contracts/AAC.sol#1105-1126) uses assembly\n\t- INLINE ASM (repositories2/verified-smart-contracts-database/verified-smart-contracts/AAC.sol#1118-1120)\nReference: https://github.com/crytic/slither/wiki/Detector-Documentation#assembly-usage\n\nAddress.functionCall(address,bytes) (repositories2/verified-smart-contracts-database/verified-smart-contracts/AAC.sol#153-155) is never used and should be removed\nAddress.functionCall(address,bytes,string) (repositories2/verified-smart-contracts-database/verified-smart-contracts/AAC.sol#163-169) is never used and should be removed\nAddress.functionCallWithValue(address,bytes,uint256) (repositories2/verified-smart-contracts-database/verified-smart-contracts/AAC.sol#182-188) is never used and should be removed\nAddress.functionCallWithValue(address,bytes,uint256,string) (repositories2/verified-smart-contracts-database/verified-smart-contracts/AAC.sol#196-207) is never used and should be removed\nAddress.functionDelegateCall(address,bytes) (repositories2/verified-smart-contracts-database/verified-smart-contracts/AAC.sol#242-244) is never used and should be removed\nAddress.functionDelegateCall(address,bytes,string) (repositories2/verified-smart-contracts-database/verified-smart-contracts/AAC.sol#252-261) is never used and should be removed\nAddress.functionStaticCall(address,bytes) (repositories2/verified-smart-contracts-database/verified-smart-contracts/AAC.sol#215-217) is never used and should be removed\nAddress.functionStaticCall(address,bytes,string) (repositories2/verified-smart-contracts-database/verified-smart-contracts/AAC.sol#225-234) is never used and should be removed\nAddress.sendValue(address,uint256) (repositories2/verified-smart-contracts-database/verified-smart-contracts/AAC.sol#128-133) is never used and should be removed\nAddress.verifyCallResult(bool,bytes,string) (repositories2/verified-smart-contracts-database/verified-smart-contracts/AAC.sol#269-289) is never used and should be removed\nContext._msgData() (repositories2/verified-smart-contracts-database/verified-smart-contracts/AAC.sol#663-665) is never used and should be removed\nERC721A._baseURI() (repositories2/verified-smart-contracts-database/verified-smart-contracts/AAC.sol#857-859) is never used and should be removed\nERC721A._numberMinted(address) (repositories2/verified-smart-contracts-database/verified-smart-contracts/AAC.sol#797-800) is never used and should be removed\nMerkleProof.processProof(bytes32[],bytes32) (repositories2/verified-smart-contracts-database/verified-smart-contracts/AAC.sol#625-638) is never used and should be removed\nMerkleProof.verify(bytes32[],bytes32,bytes32) (repositories2/verified-smart-contracts-database/verified-smart-contracts/AAC.sol#609-615) is never used and should be removed\nStrings.toHexString(uint256) (repositories2/verified-smart-contracts-database/verified-smart-contracts/AAC.sol#43-54) is never used and should be removed\nStrings.toHexString(uint256,uint256) (repositories2/verified-smart-contracts-database/verified-smart-contracts/AAC.sol#59-69) is never used and should be removed\nReference: https://github.com/crytic/slither/wiki/Detector-Documentation#dead-code\n\nPragma version^0.8.0 (repositories2/verified-smart-contracts-database/verified-smart-contracts/AAC.sol#7) allows old versions\nPragma version^0.8.0 (repositories2/verified-smart-contracts-database/verified-smart-contracts/AAC.sol#77) allows old versions\nPragma version^0.8.0 (repositories2/verified-smart-contracts-database/verified-smart-contracts/AAC.sol#297) allows old versions\nPragma version^0.8.0 (repositories2/verified-smart-contracts-database/verified-smart-contracts/AAC.sol#327) allows old versions\nPragma version^0.8.0 (repositories2/verified-smart-contracts-database/verified-smart-contracts/AAC.sol#355) allows old versions\nPragma version^0.8.0 (repositories2/verified-smart-contracts-database/verified-smart-contracts/AAC.sol#386) allows old versions\nPragma version^0.8.0 (repositories2/verified-smart-contracts-database/verified-smart-contracts/AAC.sol#531) allows old versions\nPragma version^0.8.0 (repositories2/verified-smart-contracts-database/verified-smart-contracts/AAC.sol#562) allows old versions\nPragma version^0.8.0 (repositories2/verified-smart-contracts-database/verified-smart-contracts/AAC.sol#591) allows old versions\nPragma version^0.8.0 (repositories2/verified-smart-contracts-database/verified-smart-contracts/AAC.sol#646) allows old versions\nPragma version^0.8.0 (repositories2/verified-smart-contracts-database/verified-smart-contracts/AAC.sol#673) allows old versions\nPragma version^0.8.0 (repositories2/verified-smart-contracts-database/verified-smart-contracts/AAC.sol#1172) allows old versions\nPragma version^0.8.0 (repositories2/verified-smart-contracts-database/verified-smart-contracts/AAC.sol#1249) allows old versions\nsolc-0.8.23 is not recommended for deployment\nReference: https://github.com/crytic/slither/wiki/Detector-Documentation#incorrect-versions-of-solidity\n\nLow level call in Address.sendValue(address,uint256) (repositories2/verified-smart-contracts-database/verified-smart-contracts/AAC.sol#128-133):\n\t- (success) = recipient.call{value: amount}() (repositories2/verified-smart-contracts-database/verified-smart-contracts/AAC.sol#131)\nLow level call in Address.functionCallWithValue(address,bytes,uint256,string) (repositories2/verified-smart-contracts-database/verified-smart-contracts/AAC.sol#196-207):\n\t- (success,returndata) = target.call{value: value}(data) (repositories2/verified-smart-contracts-database/verified-smart-contracts/AAC.sol#205)\nLow level call in Address.functionStaticCall(address,bytes,string) (repositories2/verified-smart-contracts-database/verified-smart-contracts/AAC.sol#225-234):\n\t- (success,returndata) = target.staticcall(data) (repositories2/verified-smart-contracts-database/verified-smart-contracts/AAC.sol#232)\nLow level call in Address.functionDelegateCall(address,bytes,string) (repositories2/verified-smart-contracts-database/verified-smart-contracts/AAC.sol#252-261):\n\t- (success,returndata) = target.delegatecall(data) (repositories2/verified-smart-contracts-database/verified-smart-contracts/AAC.sol#259)\nLow level call in AAC._withdraw(address,uint256) (repositories2/verified-smart-contracts-database/verified-smart-contracts/AAC.sol#1315-1318):\n\t- (success) = _address.call{value: _amount}() (repositories2/verified-smart-contracts-database/verified-smart-contracts/AAC.sol#1316)\nReference: https://github.com/crytic/slither/wiki/Detector-Documentation#low-level-calls\n\nParameter ERC721A.safeTransferFrom(address,address,uint256,bytes)._data (repositories2/verified-smart-contracts-database/verified-smart-contracts/AAC.sol#931) is not in mixedCase\nReference: https://github.com/crytic/slither/wiki/Detector-Documentation#conformance-to-solidity-naming-conventions\n\nAAC.mintPayees (repositories2/verified-smart-contracts-database/verified-smart-contracts/AAC.sol#1261) should be constant \nReference: https://github.com/crytic/slither/wiki/Detector-Documentation#state-variables-that-could-be-declared-constant\n./repositories2/verified-smart-contracts-database/verified-smart-contracts/AAC.sol analyzed (13 contracts with 93 detectors), 46 result(s) found\n")
CompletedProcess(args=['slither', './repositories2/verified-smart-contracts-database/verified-smart-contracts/AccessControlledOffchainAggregator.sol', '--json', './slither/dennis_analysis2/json/AccessControlledOffchainAggregator.sol.json'], returncode=1, stdout='', stderr='\'solc --version\' running\n\'solc ./repositories2/verified-smart-contracts-database/verified-smart-contracts/AccessControlledOffchainAggregator.sol --combined-json abi,ast,bin,bin-runtime,srcmap,srcmap-runtime,userdoc,devdoc,hashes --allow-paths .,/home/felipe/Documents/develop/analysis_mestrado/repositories2/verified-smart-contracts-database/verified-smart-contracts\' running\nCompilation warnings/errors on ./repositories2/verified-smart-contracts-database/verified-smart-contracts/AccessControlledOffchainAggregator.sol:\nError: Expected pragma, import directive or contract/interface/library/struct/enum/constant/function/error definition.\n --> repositories2/verified-smart-contracts-database/verified-smart-contracts/AccessControlledOffchainAggregator.sol:1:1:\n  |\n1 | {{\n  | ^\n\n\nTraceback (most recent call last):\n  File "/home/felipe/Documents/develop/analysis_mestrado/env1/lib/python3.10/site-packages/crytic_compile/platform/solc.py", line 582, in _run_solc\n    ret: Dict = json.loads(stdout)\n  File "/usr/lib/python3.10/json/__init__.py", line 346, in loads\n    return _default_decoder.decode(s)\n  File "/usr/lib/python3.10/json/decoder.py", line 337, in decode\n    obj, end = self.raw_decode(s, idx=_w(s, 0).end())\n  File "/usr/lib/python3.10/json/decoder.py", line 355, in raw_decode\n    raise JSONDecodeError("Expecting value", s, err.value) from None\njson.decoder.JSONDecodeError: Expecting value: line 1 column 1 (char 0)\n\nDuring handling of the above exception, another exception occurred:\n\nTraceback (most recent call last):\n  File "/home/felipe/Documents/develop/analysis_mestrado/env1/bin/slither", line 8, in <module>\n    sys.exit(main())\n  File "/home/felipe/Documents/develop/analysis_mestrado/env1/lib/python3.10/site-packages/slither/__main__.py", line 727, in main\n    main_impl(all_detector_classes=detectors, all_printer_classes=printers)\n  File "/home/felipe/Documents/develop/analysis_mestrado/env1/lib/python3.10/site-packages/slither/__main__.py", line 833, in main_impl\n    ) = process_all(filename, args, detector_classes, printer_classes)\n  File "/home/felipe/Documents/develop/analysis_mestrado/env1/lib/python3.10/site-packages/slither/__main__.py", line 96, in process_all\n    compilations = compile_all(target, **vars(args))\n  File "/home/felipe/Documents/develop/analysis_mestrado/env1/lib/python3.10/site-packages/crytic_compile/crytic_compile.py", line 718, in compile_all\n    compilations.append(CryticCompile(target, **kwargs))\n  File "/home/felipe/Documents/develop/analysis_mestrado/env1/lib/python3.10/site-packages/crytic_compile/crytic_compile.py", line 207, in __init__\n    self._compile(**kwargs)\n  File "/home/felipe/Documents/develop/analysis_mestrado/env1/lib/python3.10/site-packages/crytic_compile/crytic_compile.py", line 629, in _compile\n    self._platform.compile(self, **kwargs)\n  File "/home/felipe/Documents/develop/analysis_mestrado/env1/lib/python3.10/site-packages/crytic_compile/platform/solc.py", line 151, in compile\n    targets_json = _get_targets_json(compilation_unit, self._target, **kwargs)\n  File "/home/felipe/Documents/develop/analysis_mestrado/env1/lib/python3.10/site-packages/crytic_compile/platform/solc.py", line 280, in _get_targets_json\n    return _run_solc(\n  File "/home/felipe/Documents/develop/analysis_mestrado/env1/lib/python3.10/site-packages/crytic_compile/platform/solc.py", line 586, in _run_solc\n    raise InvalidCompilation(f"Invalid solc compilation {stderr}")\ncrytic_compile.platform.exceptions.InvalidCompilation: Invalid solc compilation Error: Expected pragma, import directive or contract/interface/library/struct/enum/constant/function/error definition.\n --> repositories2/verified-smart-contracts-database/verified-smart-contracts/AccessControlledOffchainAggregator.sol:1:1:\n  |\n1 | {{\n  | ^\n\n\n')
CompletedProcess(args=['slither', './repositories2/verified-smart-contracts-database/verified-smart-contracts/AaveAdapter.sol', '--json', './slither/dennis_analysis2/json/AaveAdapter.sol.json'], returncode=1, stdout='', stderr='\'solc --version\' running\n\'solc ./repositories2/verified-smart-contracts-database/verified-smart-contracts/AaveAdapter.sol --combined-json abi,ast,bin,bin-runtime,srcmap,srcmap-runtime,userdoc,devdoc,hashes --allow-paths .,/home/felipe/Documents/develop/analysis_mestrado/repositories2/verified-smart-contracts-database/verified-smart-contracts\' running\nCompilation warnings/errors on ./repositories2/verified-smart-contracts-database/verified-smart-contracts/AaveAdapter.sol:\nError: Expected pragma, import directive or contract/interface/library/struct/enum/constant/function/error definition.\n --> repositories2/verified-smart-contracts-database/verified-smart-contracts/AaveAdapter.sol:1:1:\n  |\n1 | {{\n  | ^\n\n\nTraceback (most recent call last):\n  File "/home/felipe/Documents/develop/analysis_mestrado/env1/lib/python3.10/site-packages/crytic_compile/platform/solc.py", line 582, in _run_solc\n    ret: Dict = json.loads(stdout)\n  File "/usr/lib/python3.10/json/__init__.py", line 346, in loads\n    return _default_decoder.decode(s)\n  File "/usr/lib/python3.10/json/decoder.py", line 337, in decode\n    obj, end = self.raw_decode(s, idx=_w(s, 0).end())\n  File "/usr/lib/python3.10/json/decoder.py", line 355, in raw_decode\n    raise JSONDecodeError("Expecting value", s, err.value) from None\njson.decoder.JSONDecodeError: Expecting value: line 1 column 1 (char 0)\n\nDuring handling of the above exception, another exception occurred:\n\nTraceback (most recent call last):\n  File "/home/felipe/Documents/develop/analysis_mestrado/env1/bin/slither", line 8, in <module>\n    sys.exit(main())\n  File "/home/felipe/Documents/develop/analysis_mestrado/env1/lib/python3.10/site-packages/slither/__main__.py", line 727, in main\n    main_impl(all_detector_classes=detectors, all_printer_classes=printers)\n  File "/home/felipe/Documents/develop/analysis_mestrado/env1/lib/python3.10/site-packages/slither/__main__.py", line 833, in main_impl\n    ) = process_all(filename, args, detector_classes, printer_classes)\n  File "/home/felipe/Documents/develop/analysis_mestrado/env1/lib/python3.10/site-packages/slither/__main__.py", line 96, in process_all\n    compilations = compile_all(target, **vars(args))\n  File "/home/felipe/Documents/develop/analysis_mestrado/env1/lib/python3.10/site-packages/crytic_compile/crytic_compile.py", line 718, in compile_all\n    compilations.append(CryticCompile(target, **kwargs))\n  File "/home/felipe/Documents/develop/analysis_mestrado/env1/lib/python3.10/site-packages/crytic_compile/crytic_compile.py", line 207, in __init__\n    self._compile(**kwargs)\n  File "/home/felipe/Documents/develop/analysis_mestrado/env1/lib/python3.10/site-packages/crytic_compile/crytic_compile.py", line 629, in _compile\n    self._platform.compile(self, **kwargs)\n  File "/home/felipe/Documents/develop/analysis_mestrado/env1/lib/python3.10/site-packages/crytic_compile/platform/solc.py", line 151, in compile\n    targets_json = _get_targets_json(compilation_unit, self._target, **kwargs)\n  File "/home/felipe/Documents/develop/analysis_mestrado/env1/lib/python3.10/site-packages/crytic_compile/platform/solc.py", line 280, in _get_targets_json\n    return _run_solc(\n  File "/home/felipe/Documents/develop/analysis_mestrado/env1/lib/python3.10/site-packages/crytic_compile/platform/solc.py", line 586, in _run_solc\n    raise InvalidCompilation(f"Invalid solc compilation {stderr}")\ncrytic_compile.platform.exceptions.InvalidCompilation: Invalid solc compilation Error: Expected pragma, import directive or contract/interface/library/struct/enum/constant/function/error definition.\n --> repositories2/verified-smart-contracts-database/verified-smart-contracts/AaveAdapter.sol:1:1:\n  |\n1 | {{\n  | ^\n\n\n')
CompletedProcess(args=['slither', './repositories2/verified-smart-contracts-database/verified-smart-contracts/AaveBorrow.sol', '--json', './slither/dennis_analysis2/json/AaveBorrow.sol.json'], returncode=1, stdout='', stderr='\'solc --version\' running\n\'solc ./repositories2/verified-smart-contracts-database/verified-smart-contracts/AaveBorrow.sol --combined-json abi,ast,bin,bin-runtime,srcmap,srcmap-runtime,userdoc,devdoc,hashes --allow-paths .,/home/felipe/Documents/develop/analysis_mestrado/repositories2/verified-smart-contracts-database/verified-smart-contracts\' running\nCompilation warnings/errors on ./repositories2/verified-smart-contracts-database/verified-smart-contracts/AaveBorrow.sol:\nError: Source file requires different compiler version (current compiler is 0.8.23+commit.f704f362.Linux.g++) - note that nightly builds are considered to be strictly less than the released version\n --> repositories2/verified-smart-contracts-database/verified-smart-contracts/AaveBorrow.sol:3:1:\n  |\n3 | pragma solidity =0.8.10;\n  | ^^^^^^^^^^^^^^^^^^^^^^^^\n\n\nTraceback (most recent call last):\n  File "/home/felipe/Documents/develop/analysis_mestrado/env1/lib/python3.10/site-packages/crytic_compile/platform/solc.py", line 582, in _run_solc\n    ret: Dict = json.loads(stdout)\n  File "/usr/lib/python3.10/json/__init__.py", line 346, in loads\n    return _default_decoder.decode(s)\n  File "/usr/lib/python3.10/json/decoder.py", line 337, in decode\n    obj, end = self.raw_decode(s, idx=_w(s, 0).end())\n  File "/usr/lib/python3.10/json/decoder.py", line 355, in raw_decode\n    raise JSONDecodeError("Expecting value", s, err.value) from None\njson.decoder.JSONDecodeError: Expecting value: line 1 column 1 (char 0)\n\nDuring handling of the above exception, another exception occurred:\n\nTraceback (most recent call last):\n  File "/home/felipe/Documents/develop/analysis_mestrado/env1/bin/slither", line 8, in <module>\n    sys.exit(main())\n  File "/home/felipe/Documents/develop/analysis_mestrado/env1/lib/python3.10/site-packages/slither/__main__.py", line 727, in main\n    main_impl(all_detector_classes=detectors, all_printer_classes=printers)\n  File "/home/felipe/Documents/develop/analysis_mestrado/env1/lib/python3.10/site-packages/slither/__main__.py", line 833, in main_impl\n    ) = process_all(filename, args, detector_classes, printer_classes)\n  File "/home/felipe/Documents/develop/analysis_mestrado/env1/lib/python3.10/site-packages/slither/__main__.py", line 96, in process_all\n    compilations = compile_all(target, **vars(args))\n  File "/home/felipe/Documents/develop/analysis_mestrado/env1/lib/python3.10/site-packages/crytic_compile/crytic_compile.py", line 718, in compile_all\n    compilations.append(CryticCompile(target, **kwargs))\n  File "/home/felipe/Documents/develop/analysis_mestrado/env1/lib/python3.10/site-packages/crytic_compile/crytic_compile.py", line 207, in __init__\n    self._compile(**kwargs)\n  File "/home/felipe/Documents/develop/analysis_mestrado/env1/lib/python3.10/site-packages/crytic_compile/crytic_compile.py", line 629, in _compile\n    self._platform.compile(self, **kwargs)\n  File "/home/felipe/Documents/develop/analysis_mestrado/env1/lib/python3.10/site-packages/crytic_compile/platform/solc.py", line 151, in compile\n    targets_json = _get_targets_json(compilation_unit, self._target, **kwargs)\n  File "/home/felipe/Documents/develop/analysis_mestrado/env1/lib/python3.10/site-packages/crytic_compile/platform/solc.py", line 280, in _get_targets_json\n    return _run_solc(\n  File "/home/felipe/Documents/develop/analysis_mestrado/env1/lib/python3.10/site-packages/crytic_compile/platform/solc.py", line 586, in _run_solc\n    raise InvalidCompilation(f"Invalid solc compilation {stderr}")\ncrytic_compile.platform.exceptions.InvalidCompilation: Invalid solc compilation Error: Source file requires different compiler version (current compiler is 0.8.23+commit.f704f362.Linux.g++) - note that nightly builds are considered to be strictly less than the released version\n --> repositories2/verified-smart-contracts-database/verified-smart-contracts/AaveBorrow.sol:3:1:\n  |\n3 | pragma solidity =0.8.10;\n  | ^^^^^^^^^^^^^^^^^^^^^^^^\n\n\n')
CompletedProcess(args=['slither', './repositories2/verified-smart-contracts-database/verified-smart-contracts/AaveWithdraw.sol', '--json', './slither/dennis_analysis2/json/AaveWithdraw.sol.json'], returncode=1, stdout='', stderr='\'solc --version\' running\n\'solc ./repositories2/verified-smart-contracts-database/verified-smart-contracts/AaveWithdraw.sol --combined-json abi,ast,bin,bin-runtime,srcmap,srcmap-runtime,userdoc,devdoc,hashes --allow-paths .,/home/felipe/Documents/develop/analysis_mestrado/repositories2/verified-smart-contracts-database/verified-smart-contracts\' running\nCompilation warnings/errors on ./repositories2/verified-smart-contracts-database/verified-smart-contracts/AaveWithdraw.sol:\nError: Source file requires different compiler version (current compiler is 0.8.23+commit.f704f362.Linux.g++) - note that nightly builds are considered to be strictly less than the released version\n --> repositories2/verified-smart-contracts-database/verified-smart-contracts/AaveWithdraw.sol:3:1:\n  |\n3 | pragma solidity =0.8.10;\n  | ^^^^^^^^^^^^^^^^^^^^^^^^\n\n\nTraceback (most recent call last):\n  File "/home/felipe/Documents/develop/analysis_mestrado/env1/lib/python3.10/site-packages/crytic_compile/platform/solc.py", line 582, in _run_solc\n    ret: Dict = json.loads(stdout)\n  File "/usr/lib/python3.10/json/__init__.py", line 346, in loads\n    return _default_decoder.decode(s)\n  File "/usr/lib/python3.10/json/decoder.py", line 337, in decode\n    obj, end = self.raw_decode(s, idx=_w(s, 0).end())\n  File "/usr/lib/python3.10/json/decoder.py", line 355, in raw_decode\n    raise JSONDecodeError("Expecting value", s, err.value) from None\njson.decoder.JSONDecodeError: Expecting value: line 1 column 1 (char 0)\n\nDuring handling of the above exception, another exception occurred:\n\nTraceback (most recent call last):\n  File "/home/felipe/Documents/develop/analysis_mestrado/env1/bin/slither", line 8, in <module>\n    sys.exit(main())\n  File "/home/felipe/Documents/develop/analysis_mestrado/env1/lib/python3.10/site-packages/slither/__main__.py", line 727, in main\n    main_impl(all_detector_classes=detectors, all_printer_classes=printers)\n  File "/home/felipe/Documents/develop/analysis_mestrado/env1/lib/python3.10/site-packages/slither/__main__.py", line 833, in main_impl\n    ) = process_all(filename, args, detector_classes, printer_classes)\n  File "/home/felipe/Documents/develop/analysis_mestrado/env1/lib/python3.10/site-packages/slither/__main__.py", line 96, in process_all\n    compilations = compile_all(target, **vars(args))\n  File "/home/felipe/Documents/develop/analysis_mestrado/env1/lib/python3.10/site-packages/crytic_compile/crytic_compile.py", line 718, in compile_all\n    compilations.append(CryticCompile(target, **kwargs))\n  File "/home/felipe/Documents/develop/analysis_mestrado/env1/lib/python3.10/site-packages/crytic_compile/crytic_compile.py", line 207, in __init__\n    self._compile(**kwargs)\n  File "/home/felipe/Documents/develop/analysis_mestrado/env1/lib/python3.10/site-packages/crytic_compile/crytic_compile.py", line 629, in _compile\n    self._platform.compile(self, **kwargs)\n  File "/home/felipe/Documents/develop/analysis_mestrado/env1/lib/python3.10/site-packages/crytic_compile/platform/solc.py", line 151, in compile\n    targets_json = _get_targets_json(compilation_unit, self._target, **kwargs)\n  File "/home/felipe/Documents/develop/analysis_mestrado/env1/lib/python3.10/site-packages/crytic_compile/platform/solc.py", line 280, in _get_targets_json\n    return _run_solc(\n  File "/home/felipe/Documents/develop/analysis_mestrado/env1/lib/python3.10/site-packages/crytic_compile/platform/solc.py", line 586, in _run_solc\n    raise InvalidCompilation(f"Invalid solc compilation {stderr}")\ncrytic_compile.platform.exceptions.InvalidCompilation: Invalid solc compilation Error: Source file requires different compiler version (current compiler is 0.8.23+commit.f704f362.Linux.g++) - note that nightly builds are considered to be strictly less than the released version\n --> repositories2/verified-smart-contracts-database/verified-smart-contracts/AaveWithdraw.sol:3:1:\n  |\n3 | pragma solidity =0.8.10;\n  | ^^^^^^^^^^^^^^^^^^^^^^^^\n\n\n')
